INFO - 2023-02-24 00:58:00 --> Session: Class initialized using 'CodeIgniter\Session\Handlers\FileHandler' driver.
INFO - 2023-02-24 00:58:01 --> Session: Class initialized using 'CodeIgniter\Session\Handlers\FileHandler' driver.
INFO - 2023-02-24 00:59:56 --> Session: Class initialized using 'CodeIgniter\Session\Handlers\FileHandler' driver.
INFO - 2023-02-24 01:02:11 --> Session: Class initialized using 'CodeIgniter\Session\Handlers\FileHandler' driver.
INFO - 2023-02-24 01:02:26 --> Session: Class initialized using 'CodeIgniter\Session\Handlers\FileHandler' driver.
INFO - 2023-02-24 01:02:31 --> Session: Class initialized using 'CodeIgniter\Session\Handlers\FileHandler' driver.
ERROR - 2023-02-24 01:02:54 --> Error connecting to the database: mysqli_sql_exception: No connection could be made because the target machine actively refused it.
 in D:\APL_Pengaduan\vendor\codeigniter4\framework\system\Database\MySQLi\Connection.php:174
Stack trace:
#0 D:\APL_Pengaduan\vendor\codeigniter4\framework\system\Database\MySQLi\Connection.php(174): mysqli->real_connect('localhost', 'root', '', 'pengaduan_masya...', 3306, '', 0)
#1 D:\APL_Pengaduan\vendor\codeigniter4\framework\system\Database\BaseConnection.php(391): CodeIgniter\Database\MySQLi\Connection->connect(false)
#2 D:\APL_Pengaduan\vendor\codeigniter4\framework\system\Database\BaseConnection.php(573): CodeIgniter\Database\BaseConnection->initialize()
#3 D:\APL_Pengaduan\vendor\codeigniter4\framework\system\Database\BaseBuilder.php(2476): CodeIgniter\Database\BaseConnection->query('UPDATE `masyara...', Array, false)
#4 D:\APL_Pengaduan\vendor\codeigniter4\framework\system\Model.php(396): CodeIgniter\Database\BaseBuilder->update()
#5 D:\APL_Pengaduan\vendor\codeigniter4\framework\system\BaseModel.php(943): CodeIgniter\Model->doUpdate(Array, Array)
#6 D:\APL_Pengaduan\vendor\codeigniter4\framework\system\Model.php(756): CodeIgniter\BaseModel->update(Array, Array)
#7 D:\APL_Pengaduan\app\Controllers\Controllermasyarakat.php(65): CodeIgniter\Model->update('1234567237', Array)
#8 D:\APL_Pengaduan\vendor\codeigniter4\framework\system\CodeIgniter.php(934): App\Controllers\Controllermasyarakat->daftar()
#9 D:\APL_Pengaduan\vendor\codeigniter4\framework\system\CodeIgniter.php(499): CodeIgniter\CodeIgniter->runController(Object(App\Controllers\Controllermasyarakat))
#10 D:\APL_Pengaduan\vendor\codeigniter4\framework\system\CodeIgniter.php(368): CodeIgniter\CodeIgniter->handleRequest(NULL, Object(Config\Cache), false)
#11 D:\APL_Pengaduan\public\index.php(67): CodeIgniter\CodeIgniter->run()
#12 D:\APL_Pengaduan\vendor\codeigniter4\framework\system\Commands\Server\rewrite.php(47): require_once('D:\\APL_Pengadua...')
#13 {main}

Next CodeIgniter\Database\Exceptions\DatabaseException: No connection could be made because the target machine actively refused it.
 in D:\APL_Pengaduan\vendor\codeigniter4\framework\system\Database\MySQLi\Connection.php:218
Stack trace:
#0 D:\APL_Pengaduan\vendor\codeigniter4\framework\system\Database\BaseConnection.php(391): CodeIgniter\Database\MySQLi\Connection->connect(false)
#1 D:\APL_Pengaduan\vendor\codeigniter4\framework\system\Database\BaseConnection.php(573): CodeIgniter\Database\BaseConnection->initialize()
#2 D:\APL_Pengaduan\vendor\codeigniter4\framework\system\Database\BaseBuilder.php(2476): CodeIgniter\Database\BaseConnection->query('UPDATE `masyara...', Array, false)
#3 D:\APL_Pengaduan\vendor\codeigniter4\framework\system\Model.php(396): CodeIgniter\Database\BaseBuilder->update()
#4 D:\APL_Pengaduan\vendor\codeigniter4\framework\system\BaseModel.php(943): CodeIgniter\Model->doUpdate(Array, Array)
#5 D:\APL_Pengaduan\vendor\codeigniter4\framework\system\Model.php(756): CodeIgniter\BaseModel->update(Array, Array)
#6 D:\APL_Pengaduan\app\Controllers\Controllermasyarakat.php(65): CodeIgniter\Model->update('1234567237', Array)
#7 D:\APL_Pengaduan\vendor\codeigniter4\framework\system\CodeIgniter.php(934): App\Controllers\Controllermasyarakat->daftar()
#8 D:\APL_Pengaduan\vendor\codeigniter4\framework\system\CodeIgniter.php(499): CodeIgniter\CodeIgniter->runController(Object(App\Controllers\Controllermasyarakat))
#9 D:\APL_Pengaduan\vendor\codeigniter4\framework\system\CodeIgniter.php(368): CodeIgniter\CodeIgniter->handleRequest(NULL, Object(Config\Cache), false)
#10 D:\APL_Pengaduan\public\index.php(67): CodeIgniter\CodeIgniter->run()
#11 D:\APL_Pengaduan\vendor\codeigniter4\framework\system\Commands\Server\rewrite.php(47): require_once('D:\\APL_Pengadua...')
#12 {main}
CRITICAL - 2023-02-24 01:02:54 --> Unable to connect to the database.
Main connection [MySQLi]: No connection could be made because the target machine actively refused it.

in SYSTEMPATH\Database\BaseConnection.php on line 427.
 1 SYSTEMPATH\Database\BaseConnection.php(573): CodeIgniter\Database\BaseConnection->initialize()
 2 SYSTEMPATH\Database\BaseBuilder.php(2476): CodeIgniter\Database\BaseConnection->query('UPDATE `masyarakat` SET `username` = :username:, `password` = :password:
WHERE `masyarakat`.`nik` IN :masyarakat.nik:', [...], false)
 3 SYSTEMPATH\Model.php(396): CodeIgniter\Database\BaseBuilder->update()
 4 SYSTEMPATH\BaseModel.php(943): CodeIgniter\Model->doUpdate([...], [...])
 5 SYSTEMPATH\Model.php(756): CodeIgniter\BaseModel->update([...], [...])
 6 APPPATH\Controllers\Controllermasyarakat.php(65): CodeIgniter\Model->update('1234567237', [...])
 7 SYSTEMPATH\CodeIgniter.php(934): App\Controllers\Controllermasyarakat->daftar()
 8 SYSTEMPATH\CodeIgniter.php(499): CodeIgniter\CodeIgniter->runController(Object(App\Controllers\Controllermasyarakat))
 9 SYSTEMPATH\CodeIgniter.php(368): CodeIgniter\CodeIgniter->handleRequest(null, Object(Config\Cache), false)
10 FCPATH\index.php(67): CodeIgniter\CodeIgniter->run()
11 SYSTEMPATH\Commands\Server\rewrite.php(47): require_once('FCPATH\\index.php')
INFO - 2023-02-24 01:10:21 --> Session: Class initialized using 'CodeIgniter\Session\Handlers\FileHandler' driver.
INFO - 2023-02-24 01:10:24 --> Session: Class initialized using 'CodeIgniter\Session\Handlers\FileHandler' driver.
INFO - 2023-02-24 01:10:26 --> Session: Class initialized using 'CodeIgniter\Session\Handlers\FileHandler' driver.
ERROR - 2023-02-24 01:10:36 --> Error connecting to the database: mysqli_sql_exception: No connection could be made because the target machine actively refused it.
 in D:\APL_Pengaduan\vendor\codeigniter4\framework\system\Database\MySQLi\Connection.php:174
Stack trace:
#0 D:\APL_Pengaduan\vendor\codeigniter4\framework\system\Database\MySQLi\Connection.php(174): mysqli->real_connect('localhost', 'root', '', 'pengaduan_masya...', 3306, '', 0)
#1 D:\APL_Pengaduan\vendor\codeigniter4\framework\system\Database\BaseConnection.php(391): CodeIgniter\Database\MySQLi\Connection->connect(false)
#2 D:\APL_Pengaduan\vendor\codeigniter4\framework\system\Database\BaseConnection.php(573): CodeIgniter\Database\BaseConnection->initialize()
#3 D:\APL_Pengaduan\vendor\codeigniter4\framework\system\Database\BaseBuilder.php(1616): CodeIgniter\Database\BaseConnection->query('SELECT *\nFROM `...', Array, false)
#4 D:\APL_Pengaduan\vendor\codeigniter4\framework\system\Model.php(203): CodeIgniter\Database\BaseBuilder->get()
#5 D:\APL_Pengaduan\vendor\codeigniter4\framework\system\BaseModel.php(557): CodeIgniter\Model->doFind(false, NULL)
#6 D:\APL_Pengaduan\app\Controllers\Controllermasyarakat.php(30): CodeIgniter\BaseModel->find()
#7 D:\APL_Pengaduan\vendor\codeigniter4\framework\system\CodeIgniter.php(934): App\Controllers\Controllermasyarakat->login()
#8 D:\APL_Pengaduan\vendor\codeigniter4\framework\system\CodeIgniter.php(499): CodeIgniter\CodeIgniter->runController(Object(App\Controllers\Controllermasyarakat))
#9 D:\APL_Pengaduan\vendor\codeigniter4\framework\system\CodeIgniter.php(368): CodeIgniter\CodeIgniter->handleRequest(NULL, Object(Config\Cache), false)
#10 D:\APL_Pengaduan\public\index.php(67): CodeIgniter\CodeIgniter->run()
#11 D:\APL_Pengaduan\vendor\codeigniter4\framework\system\Commands\Server\rewrite.php(47): require_once('D:\\APL_Pengadua...')
#12 {main}

Next CodeIgniter\Database\Exceptions\DatabaseException: No connection could be made because the target machine actively refused it.
 in D:\APL_Pengaduan\vendor\codeigniter4\framework\system\Database\MySQLi\Connection.php:218
Stack trace:
#0 D:\APL_Pengaduan\vendor\codeigniter4\framework\system\Database\BaseConnection.php(391): CodeIgniter\Database\MySQLi\Connection->connect(false)
#1 D:\APL_Pengaduan\vendor\codeigniter4\framework\system\Database\BaseConnection.php(573): CodeIgniter\Database\BaseConnection->initialize()
#2 D:\APL_Pengaduan\vendor\codeigniter4\framework\system\Database\BaseBuilder.php(1616): CodeIgniter\Database\BaseConnection->query('SELECT *\nFROM `...', Array, false)
#3 D:\APL_Pengaduan\vendor\codeigniter4\framework\system\Model.php(203): CodeIgniter\Database\BaseBuilder->get()
#4 D:\APL_Pengaduan\vendor\codeigniter4\framework\system\BaseModel.php(557): CodeIgniter\Model->doFind(false, NULL)
#5 D:\APL_Pengaduan\app\Controllers\Controllermasyarakat.php(30): CodeIgniter\BaseModel->find()
#6 D:\APL_Pengaduan\vendor\codeigniter4\framework\system\CodeIgniter.php(934): App\Controllers\Controllermasyarakat->login()
#7 D:\APL_Pengaduan\vendor\codeigniter4\framework\system\CodeIgniter.php(499): CodeIgniter\CodeIgniter->runController(Object(App\Controllers\Controllermasyarakat))
#8 D:\APL_Pengaduan\vendor\codeigniter4\framework\system\CodeIgniter.php(368): CodeIgniter\CodeIgniter->handleRequest(NULL, Object(Config\Cache), false)
#9 D:\APL_Pengaduan\public\index.php(67): CodeIgniter\CodeIgniter->run()
#10 D:\APL_Pengaduan\vendor\codeigniter4\framework\system\Commands\Server\rewrite.php(47): require_once('D:\\APL_Pengadua...')
#11 {main}
CRITICAL - 2023-02-24 01:10:36 --> Unable to connect to the database.
Main connection [MySQLi]: No connection could be made because the target machine actively refused it.

in SYSTEMPATH\Database\BaseConnection.php on line 427.
 1 SYSTEMPATH\Database\BaseConnection.php(573): CodeIgniter\Database\BaseConnection->initialize()
 2 SYSTEMPATH\Database\BaseBuilder.php(1616): CodeIgniter\Database\BaseConnection->query('SELECT *
FROM `petugas`
WHERE `username` = :username:
AND `password` = :password:', [...], false)
 3 SYSTEMPATH\Model.php(203): CodeIgniter\Database\BaseBuilder->get()
 4 SYSTEMPATH\BaseModel.php(557): CodeIgniter\Model->doFind(false, null)
 5 APPPATH\Controllers\Controllermasyarakat.php(30): CodeIgniter\BaseModel->find()
 6 SYSTEMPATH\CodeIgniter.php(934): App\Controllers\Controllermasyarakat->login()
 7 SYSTEMPATH\CodeIgniter.php(499): CodeIgniter\CodeIgniter->runController(Object(App\Controllers\Controllermasyarakat))
 8 SYSTEMPATH\CodeIgniter.php(368): CodeIgniter\CodeIgniter->handleRequest(null, Object(Config\Cache), false)
 9 FCPATH\index.php(67): CodeIgniter\CodeIgniter->run()
10 SYSTEMPATH\Commands\Server\rewrite.php(47): require_once('FCPATH\\index.php')
INFO - 2023-02-24 10:11:12 --> Session: Class initialized using 'CodeIgniter\Session\Handlers\FileHandler' driver.
INFO - 2023-02-24 10:11:13 --> Session: Class initialized using 'CodeIgniter\Session\Handlers\FileHandler' driver.
INFO - 2023-02-24 10:11:49 --> Session: Class initialized using 'CodeIgniter\Session\Handlers\FileHandler' driver.
INFO - 2023-02-24 10:12:26 --> Session: Class initialized using 'CodeIgniter\Session\Handlers\FileHandler' driver.
INFO - 2023-02-24 10:34:41 --> Session: Class initialized using 'CodeIgniter\Session\Handlers\FileHandler' driver.
INFO - 2023-02-24 10:37:32 --> Session: Class initialized using 'CodeIgniter\Session\Handlers\FileHandler' driver.
INFO - 2023-02-24 10:37:51 --> Session: Class initialized using 'CodeIgniter\Session\Handlers\FileHandler' driver.
INFO - 2023-02-24 10:37:54 --> Session: Class initialized using 'CodeIgniter\Session\Handlers\FileHandler' driver.
INFO - 2023-02-24 10:38:36 --> Session: Class initialized using 'CodeIgniter\Session\Handlers\FileHandler' driver.
INFO - 2023-02-24 10:38:39 --> Session: Class initialized using 'CodeIgniter\Session\Handlers\FileHandler' driver.
INFO - 2023-02-24 10:38:48 --> Session: Class initialized using 'CodeIgniter\Session\Handlers\FileHandler' driver.
INFO - 2023-02-24 10:38:58 --> Session: Class initialized using 'CodeIgniter\Session\Handlers\FileHandler' driver.
INFO - 2023-02-24 10:48:02 --> Session: Class initialized using 'CodeIgniter\Session\Handlers\FileHandler' driver.
INFO - 2023-02-24 10:48:34 --> Session: Class initialized using 'CodeIgniter\Session\Handlers\FileHandler' driver.
INFO - 2023-02-24 10:48:36 --> Session: Class initialized using 'CodeIgniter\Session\Handlers\FileHandler' driver.
INFO - 2023-02-24 10:49:29 --> Session: Class initialized using 'CodeIgniter\Session\Handlers\FileHandler' driver.
INFO - 2023-02-24 10:49:48 --> Session: Class initialized using 'CodeIgniter\Session\Handlers\FileHandler' driver.
INFO - 2023-02-24 10:55:28 --> Session: Class initialized using 'CodeIgniter\Session\Handlers\FileHandler' driver.
INFO - 2023-02-24 10:55:30 --> Session: Class initialized using 'CodeIgniter\Session\Handlers\FileHandler' driver.
INFO - 2023-02-24 10:55:34 --> Session: Class initialized using 'CodeIgniter\Session\Handlers\FileHandler' driver.
INFO - 2023-02-24 10:55:38 --> Session: Class initialized using 'CodeIgniter\Session\Handlers\FileHandler' driver.
INFO - 2023-02-24 10:56:35 --> Session: Class initialized using 'CodeIgniter\Session\Handlers\FileHandler' driver.
INFO - 2023-02-24 10:57:01 --> Session: Class initialized using 'CodeIgniter\Session\Handlers\FileHandler' driver.
INFO - 2023-02-24 10:57:13 --> Session: Class initialized using 'CodeIgniter\Session\Handlers\FileHandler' driver.
INFO - 2023-02-24 10:57:38 --> Session: Class initialized using 'CodeIgniter\Session\Handlers\FileHandler' driver.
INFO - 2023-02-24 11:02:50 --> Session: Class initialized using 'CodeIgniter\Session\Handlers\FileHandler' driver.
INFO - 2023-02-24 11:16:18 --> Session: Class initialized using 'CodeIgniter\Session\Handlers\FileHandler' driver.
INFO - 2023-02-24 11:20:27 --> Session: Class initialized using 'CodeIgniter\Session\Handlers\FileHandler' driver.
INFO - 2023-02-24 11:21:04 --> Session: Class initialized using 'CodeIgniter\Session\Handlers\FileHandler' driver.
INFO - 2023-02-24 11:26:29 --> Session: Class initialized using 'CodeIgniter\Session\Handlers\FileHandler' driver.
INFO - 2023-02-24 11:27:07 --> Session: Class initialized using 'CodeIgniter\Session\Handlers\FileHandler' driver.
INFO - 2023-02-24 11:27:41 --> Session: Class initialized using 'CodeIgniter\Session\Handlers\FileHandler' driver.
INFO - 2023-02-24 11:27:55 --> Session: Class initialized using 'CodeIgniter\Session\Handlers\FileHandler' driver.
INFO - 2023-02-24 11:28:49 --> Session: Class initialized using 'CodeIgniter\Session\Handlers\FileHandler' driver.
INFO - 2023-02-24 11:34:13 --> Session: Class initialized using 'CodeIgniter\Session\Handlers\FileHandler' driver.
INFO - 2023-02-24 11:34:15 --> Session: Class initialized using 'CodeIgniter\Session\Handlers\FileHandler' driver.
INFO - 2023-02-24 11:48:03 --> Session: Class initialized using 'CodeIgniter\Session\Handlers\FileHandler' driver.
INFO - 2023-02-24 12:32:47 --> Session: Class initialized using 'CodeIgniter\Session\Handlers\FileHandler' driver.
INFO - 2023-02-24 12:33:13 --> Session: Class initialized using 'CodeIgniter\Session\Handlers\FileHandler' driver.
INFO - 2023-02-24 12:33:56 --> Session: Class initialized using 'CodeIgniter\Session\Handlers\FileHandler' driver.
INFO - 2023-02-24 12:34:01 --> Session: Class initialized using 'CodeIgniter\Session\Handlers\FileHandler' driver.
