INFO - 2023-03-01 04:03:29 --> Session: Class initialized using 'CodeIgniter\Session\Handlers\FileHandler' driver.
INFO - 2023-03-01 04:03:55 --> Session: Class initialized using 'CodeIgniter\Session\Handlers\FileHandler' driver.
INFO - 2023-03-01 04:03:55 --> Session: Class initialized using 'CodeIgniter\Session\Handlers\FileHandler' driver.
INFO - 2023-03-01 04:04:01 --> Session: Class initialized using 'CodeIgniter\Session\Handlers\FileHandler' driver.
INFO - 2023-03-01 04:04:11 --> Session: Class initialized using 'CodeIgniter\Session\Handlers\FileHandler' driver.
INFO - 2023-03-01 04:04:16 --> Session: Class initialized using 'CodeIgniter\Session\Handlers\FileHandler' driver.
INFO - 2023-03-01 04:04:21 --> Session: Class initialized using 'CodeIgniter\Session\Handlers\FileHandler' driver.
INFO - 2023-03-01 04:06:12 --> Session: Class initialized using 'CodeIgniter\Session\Handlers\FileHandler' driver.
CRITICAL - 2023-03-01 04:06:12 --> Undefined array key "telp_petugas"
in APPPATH\Views\Petugas\edit-petugas.php on line 19.
 1 APPPATH\Views\Petugas\edit-petugas.php(19): CodeIgniter\Debug\Exceptions->errorHandler(2, 'Undefined array key "telp_petugas"', 'APPPATH\\Views\\Petugas\\edit-petugas.php', 19)
 2 SYSTEMPATH\View\View.php(213): include('APPPATH\\Views\\Petugas\\edit-petugas.php')
 3 SYSTEMPATH\View\View.php(216): CodeIgniter\View\View->CodeIgniter\View\{closure}()
 4 SYSTEMPATH\Common.php(1184): CodeIgniter\View\View->render('Petugas/edit-petugas', [], true)
 5 APPPATH\Controllers\Petugas.php(48): view('Petugas/edit-petugas', [...])
 6 SYSTEMPATH\CodeIgniter.php(934): App\Controllers\Petugas->editPetugas('1')
 7 SYSTEMPATH\CodeIgniter.php(499): CodeIgniter\CodeIgniter->runController(Object(App\Controllers\Petugas))
 8 SYSTEMPATH\CodeIgniter.php(368): CodeIgniter\CodeIgniter->handleRequest(null, Object(Config\Cache), false)
 9 FCPATH\index.php(67): CodeIgniter\CodeIgniter->run()
10 SYSTEMPATH\Commands\Server\rewrite.php(47): require_once('FCPATH\\index.php')
INFO - 2023-03-01 04:06:19 --> Session: Class initialized using 'CodeIgniter\Session\Handlers\FileHandler' driver.
INFO - 2023-03-01 04:11:46 --> Session: Class initialized using 'CodeIgniter\Session\Handlers\FileHandler' driver.
INFO - 2023-03-01 04:11:50 --> Session: Class initialized using 'CodeIgniter\Session\Handlers\FileHandler' driver.
INFO - 2023-03-01 04:12:00 --> Session: Class initialized using 'CodeIgniter\Session\Handlers\FileHandler' driver.
INFO - 2023-03-01 04:12:44 --> Session: Class initialized using 'CodeIgniter\Session\Handlers\FileHandler' driver.
INFO - 2023-03-01 04:12:44 --> Session: Class initialized using 'CodeIgniter\Session\Handlers\FileHandler' driver.
INFO - 2023-03-01 04:12:50 --> Session: Class initialized using 'CodeIgniter\Session\Handlers\FileHandler' driver.
INFO - 2023-03-01 04:12:55 --> Session: Class initialized using 'CodeIgniter\Session\Handlers\FileHandler' driver.
INFO - 2023-03-01 04:12:56 --> Session: Class initialized using 'CodeIgniter\Session\Handlers\FileHandler' driver.
INFO - 2023-03-01 04:15:08 --> Session: Class initialized using 'CodeIgniter\Session\Handlers\FileHandler' driver.
INFO - 2023-03-01 04:15:08 --> Session: Class initialized using 'CodeIgniter\Session\Handlers\FileHandler' driver.
INFO - 2023-03-01 04:15:21 --> Session: Class initialized using 'CodeIgniter\Session\Handlers\FileHandler' driver.
INFO - 2023-03-01 04:15:32 --> Session: Class initialized using 'CodeIgniter\Session\Handlers\FileHandler' driver.
INFO - 2023-03-01 04:15:32 --> Session: Class initialized using 'CodeIgniter\Session\Handlers\FileHandler' driver.
INFO - 2023-03-01 04:15:39 --> Session: Class initialized using 'CodeIgniter\Session\Handlers\FileHandler' driver.
INFO - 2023-03-01 04:15:43 --> Session: Class initialized using 'CodeIgniter\Session\Handlers\FileHandler' driver.
CRITICAL - 2023-03-01 04:15:43 --> Undefined array key "telp_petugas"
in APPPATH\Views\Petugas\edit-petugas.php on line 19.
 1 APPPATH\Views\Petugas\edit-petugas.php(19): CodeIgniter\Debug\Exceptions->errorHandler(2, 'Undefined array key "telp_petugas"', 'APPPATH\\Views\\Petugas\\edit-petugas.php', 19)
 2 SYSTEMPATH\View\View.php(213): include('APPPATH\\Views\\Petugas\\edit-petugas.php')
 3 SYSTEMPATH\View\View.php(216): CodeIgniter\View\View->CodeIgniter\View\{closure}()
 4 SYSTEMPATH\Common.php(1184): CodeIgniter\View\View->render('Petugas/edit-petugas', [], true)
 5 APPPATH\Controllers\Petugas.php(48): view('Petugas/edit-petugas', [...])
 6 SYSTEMPATH\CodeIgniter.php(934): App\Controllers\Petugas->editPetugas('1')
 7 SYSTEMPATH\CodeIgniter.php(499): CodeIgniter\CodeIgniter->runController(Object(App\Controllers\Petugas))
 8 SYSTEMPATH\CodeIgniter.php(368): CodeIgniter\CodeIgniter->handleRequest(null, Object(Config\Cache), false)
 9 FCPATH\index.php(67): CodeIgniter\CodeIgniter->run()
10 SYSTEMPATH\Commands\Server\rewrite.php(47): require_once('FCPATH\\index.php')
INFO - 2023-03-01 04:15:52 --> Session: Class initialized using 'CodeIgniter\Session\Handlers\FileHandler' driver.
INFO - 2023-03-01 04:15:54 --> Session: Class initialized using 'CodeIgniter\Session\Handlers\FileHandler' driver.
CRITICAL - 2023-03-01 04:15:55 --> Undefined array key "telp_petugas"
in APPPATH\Views\Petugas\edit-petugas.php on line 19.
 1 APPPATH\Views\Petugas\edit-petugas.php(19): CodeIgniter\Debug\Exceptions->errorHandler(2, 'Undefined array key "telp_petugas"', 'APPPATH\\Views\\Petugas\\edit-petugas.php', 19)
 2 SYSTEMPATH\View\View.php(213): include('APPPATH\\Views\\Petugas\\edit-petugas.php')
 3 SYSTEMPATH\View\View.php(216): CodeIgniter\View\View->CodeIgniter\View\{closure}()
 4 SYSTEMPATH\Common.php(1184): CodeIgniter\View\View->render('Petugas/edit-petugas', [], true)
 5 APPPATH\Controllers\Petugas.php(48): view('Petugas/edit-petugas', [...])
 6 SYSTEMPATH\CodeIgniter.php(934): App\Controllers\Petugas->editPetugas('2')
 7 SYSTEMPATH\CodeIgniter.php(499): CodeIgniter\CodeIgniter->runController(Object(App\Controllers\Petugas))
 8 SYSTEMPATH\CodeIgniter.php(368): CodeIgniter\CodeIgniter->handleRequest(null, Object(Config\Cache), false)
 9 FCPATH\index.php(67): CodeIgniter\CodeIgniter->run()
10 SYSTEMPATH\Commands\Server\rewrite.php(47): require_once('FCPATH\\index.php')
INFO - 2023-03-01 04:15:57 --> Session: Class initialized using 'CodeIgniter\Session\Handlers\FileHandler' driver.
INFO - 2023-03-01 04:15:59 --> Session: Class initialized using 'CodeIgniter\Session\Handlers\FileHandler' driver.
INFO - 2023-03-01 04:17:23 --> Session: Class initialized using 'CodeIgniter\Session\Handlers\FileHandler' driver.
ERROR - 2023-03-01 04:17:23 --> mysqli_sql_exception: Unknown column 'telp_petugas' in 'field list' in C:\Users\WINDOWS 10\Documents\PROJECT-CI\apl_pengaduan\vendor\codeigniter4\framework\system\Database\MySQLi\Connection.php:295
Stack trace:
#0 C:\Users\WINDOWS 10\Documents\PROJECT-CI\apl_pengaduan\vendor\codeigniter4\framework\system\Database\MySQLi\Connection.php(295): mysqli->query('INSERT INTO `pe...', 0)
#1 C:\Users\WINDOWS 10\Documents\PROJECT-CI\apl_pengaduan\vendor\codeigniter4\framework\system\Database\BaseConnection.php(691): CodeIgniter\Database\MySQLi\Connection->execute('INSERT INTO `pe...')
#2 C:\Users\WINDOWS 10\Documents\PROJECT-CI\apl_pengaduan\vendor\codeigniter4\framework\system\Database\BaseConnection.php(605): CodeIgniter\Database\BaseConnection->simpleQuery('INSERT INTO `pe...')
#3 C:\Users\WINDOWS 10\Documents\PROJECT-CI\apl_pengaduan\vendor\codeigniter4\framework\system\Database\BaseBuilder.php(2309): CodeIgniter\Database\BaseConnection->query('INSERT INTO `pe...', Array, false)
#4 C:\Users\WINDOWS 10\Documents\PROJECT-CI\apl_pengaduan\vendor\codeigniter4\framework\system\Model.php(330): CodeIgniter\Database\BaseBuilder->insert()
#5 C:\Users\WINDOWS 10\Documents\PROJECT-CI\apl_pengaduan\vendor\codeigniter4\framework\system\BaseModel.php(782): CodeIgniter\Model->doInsert(Array)
#6 C:\Users\WINDOWS 10\Documents\PROJECT-CI\apl_pengaduan\vendor\codeigniter4\framework\system\Model.php(730): CodeIgniter\BaseModel->insert(Array, true)
#7 C:\Users\WINDOWS 10\Documents\PROJECT-CI\apl_pengaduan\app\Controllers\Petugas.php(39): CodeIgniter\Model->insert(Array)
#8 C:\Users\WINDOWS 10\Documents\PROJECT-CI\apl_pengaduan\vendor\codeigniter4\framework\system\CodeIgniter.php(934): App\Controllers\Petugas->simpanPetugas()
#9 C:\Users\WINDOWS 10\Documents\PROJECT-CI\apl_pengaduan\vendor\codeigniter4\framework\system\CodeIgniter.php(499): CodeIgniter\CodeIgniter->runController(Object(App\Controllers\Petugas))
#10 C:\Users\WINDOWS 10\Documents\PROJECT-CI\apl_pengaduan\vendor\codeigniter4\framework\system\CodeIgniter.php(368): CodeIgniter\CodeIgniter->handleRequest(NULL, Object(Config\Cache), false)
#11 C:\Users\WINDOWS 10\Documents\PROJECT-CI\apl_pengaduan\public\index.php(67): CodeIgniter\CodeIgniter->run()
#12 C:\Users\WINDOWS 10\Documents\PROJECT-CI\apl_pengaduan\vendor\codeigniter4\framework\system\Commands\Server\rewrite.php(47): require_once('C:\\Users\\WINDOW...')
#13 {main}
CRITICAL - 2023-03-01 04:17:23 --> Unknown column 'telp_petugas' in 'field list'
in SYSTEMPATH\Database\BaseConnection.php on line 645.
 1 SYSTEMPATH\Database\BaseBuilder.php(2309): CodeIgniter\Database\BaseConnection->query('INSERT INTO `petugas` (`nama_petugas`, `username`, `password`, `telp_petugas`, `level`) VALUES (:nama_petugas:, :username:, :password:, :telp_petugas:, :level:)', [...], false)
 2 SYSTEMPATH\Model.php(330): CodeIgniter\Database\BaseBuilder->insert()
 3 SYSTEMPATH\BaseModel.php(782): CodeIgniter\Model->doInsert([...])
 4 SYSTEMPATH\Model.php(730): CodeIgniter\BaseModel->insert([...], true)
 5 APPPATH\Controllers\Petugas.php(39): CodeIgniter\Model->insert([...])
 6 SYSTEMPATH\CodeIgniter.php(934): App\Controllers\Petugas->simpanPetugas()
 7 SYSTEMPATH\CodeIgniter.php(499): CodeIgniter\CodeIgniter->runController(Object(App\Controllers\Petugas))
 8 SYSTEMPATH\CodeIgniter.php(368): CodeIgniter\CodeIgniter->handleRequest(null, Object(Config\Cache), false)
 9 FCPATH\index.php(67): CodeIgniter\CodeIgniter->run()
10 SYSTEMPATH\Commands\Server\rewrite.php(47): require_once('FCPATH\\index.php')
INFO - 2023-03-01 04:17:33 --> Session: Class initialized using 'CodeIgniter\Session\Handlers\FileHandler' driver.
INFO - 2023-03-01 04:17:37 --> Session: Class initialized using 'CodeIgniter\Session\Handlers\FileHandler' driver.
INFO - 2023-03-01 04:17:44 --> Session: Class initialized using 'CodeIgniter\Session\Handlers\FileHandler' driver.
INFO - 2023-03-01 04:17:44 --> Session: Class initialized using 'CodeIgniter\Session\Handlers\FileHandler' driver.
INFO - 2023-03-01 04:17:52 --> Session: Class initialized using 'CodeIgniter\Session\Handlers\FileHandler' driver.
INFO - 2023-03-01 04:17:55 --> Session: Class initialized using 'CodeIgniter\Session\Handlers\FileHandler' driver.
INFO - 2023-03-01 04:18:01 --> Session: Class initialized using 'CodeIgniter\Session\Handlers\FileHandler' driver.
INFO - 2023-03-01 04:18:04 --> Session: Class initialized using 'CodeIgniter\Session\Handlers\FileHandler' driver.
CRITICAL - 2023-03-01 04:18:04 --> Undefined array key "isi_tanggapan"
in APPPATH\Views\Petugas\detail-respon.php on line 31.
 1 APPPATH\Views\Petugas\detail-respon.php(31): CodeIgniter\Debug\Exceptions->errorHandler(2, 'Undefined array key "isi_tanggapan"', 'APPPATH\\Views\\Petugas\\detail-respon.php', 31)
 2 SYSTEMPATH\View\View.php(213): include('APPPATH\\Views\\Petugas\\detail-respon.php')
 3 SYSTEMPATH\View\View.php(216): CodeIgniter\View\View->CodeIgniter\View\{closure}()
 4 SYSTEMPATH\Common.php(1184): CodeIgniter\View\View->render('Petugas/detail-respon', [], true)
 5 APPPATH\Controllers\Petugas.php(207): view('Petugas/detail-respon', [...])
 6 SYSTEMPATH\CodeIgniter.php(934): App\Controllers\Petugas->tampilrespon('1')
 7 SYSTEMPATH\CodeIgniter.php(499): CodeIgniter\CodeIgniter->runController(Object(App\Controllers\Petugas))
 8 SYSTEMPATH\CodeIgniter.php(368): CodeIgniter\CodeIgniter->handleRequest(null, Object(Config\Cache), false)
 9 FCPATH\index.php(67): CodeIgniter\CodeIgniter->run()
10 SYSTEMPATH\Commands\Server\rewrite.php(47): require_once('FCPATH\\index.php')
INFO - 2023-03-01 04:18:07 --> Session: Class initialized using 'CodeIgniter\Session\Handlers\FileHandler' driver.
INFO - 2023-03-01 04:18:58 --> Session: Class initialized using 'CodeIgniter\Session\Handlers\FileHandler' driver.
INFO - 2023-03-01 04:19:00 --> Session: Class initialized using 'CodeIgniter\Session\Handlers\FileHandler' driver.
INFO - 2023-03-01 04:19:08 --> Session: Class initialized using 'CodeIgniter\Session\Handlers\FileHandler' driver.
INFO - 2023-03-01 04:22:03 --> Session: Class initialized using 'CodeIgniter\Session\Handlers\FileHandler' driver.
INFO - 2023-03-01 04:22:06 --> Session: Class initialized using 'CodeIgniter\Session\Handlers\FileHandler' driver.
INFO - 2023-03-01 04:22:09 --> Session: Class initialized using 'CodeIgniter\Session\Handlers\FileHandler' driver.
CRITICAL - 2023-03-01 04:22:09 --> Undefined array key "telp_petugas"
in APPPATH\Views\Petugas\edit-petugas.php on line 19.
 1 APPPATH\Views\Petugas\edit-petugas.php(19): CodeIgniter\Debug\Exceptions->errorHandler(2, 'Undefined array key "telp_petugas"', 'APPPATH\\Views\\Petugas\\edit-petugas.php', 19)
 2 SYSTEMPATH\View\View.php(213): include('APPPATH\\Views\\Petugas\\edit-petugas.php')
 3 SYSTEMPATH\View\View.php(216): CodeIgniter\View\View->CodeIgniter\View\{closure}()
 4 SYSTEMPATH\Common.php(1184): CodeIgniter\View\View->render('Petugas/edit-petugas', [], true)
 5 APPPATH\Controllers\Petugas.php(48): view('Petugas/edit-petugas', [...])
 6 SYSTEMPATH\CodeIgniter.php(934): App\Controllers\Petugas->editPetugas('1')
 7 SYSTEMPATH\CodeIgniter.php(499): CodeIgniter\CodeIgniter->runController(Object(App\Controllers\Petugas))
 8 SYSTEMPATH\CodeIgniter.php(368): CodeIgniter\CodeIgniter->handleRequest(null, Object(Config\Cache), false)
 9 FCPATH\index.php(67): CodeIgniter\CodeIgniter->run()
10 SYSTEMPATH\Commands\Server\rewrite.php(47): require_once('FCPATH\\index.php')
INFO - 2023-03-01 04:22:12 --> Session: Class initialized using 'CodeIgniter\Session\Handlers\FileHandler' driver.
INFO - 2023-03-01 04:22:15 --> Session: Class initialized using 'CodeIgniter\Session\Handlers\FileHandler' driver.
INFO - 2023-03-01 04:22:19 --> Session: Class initialized using 'CodeIgniter\Session\Handlers\FileHandler' driver.
INFO - 2023-03-01 04:22:30 --> Session: Class initialized using 'CodeIgniter\Session\Handlers\FileHandler' driver.
INFO - 2023-03-01 04:22:39 --> Session: Class initialized using 'CodeIgniter\Session\Handlers\FileHandler' driver.
INFO - 2023-03-01 04:23:17 --> Session: Class initialized using 'CodeIgniter\Session\Handlers\FileHandler' driver.
INFO - 2023-03-01 04:30:33 --> Session: Class initialized using 'CodeIgniter\Session\Handlers\FileHandler' driver.
INFO - 2023-03-01 04:30:37 --> Session: Class initialized using 'CodeIgniter\Session\Handlers\FileHandler' driver.
INFO - 2023-03-01 04:31:35 --> Session: Class initialized using 'CodeIgniter\Session\Handlers\FileHandler' driver.
INFO - 2023-03-01 04:31:36 --> Session: Class initialized using 'CodeIgniter\Session\Handlers\FileHandler' driver.
INFO - 2023-03-01 04:31:47 --> Session: Class initialized using 'CodeIgniter\Session\Handlers\FileHandler' driver.
INFO - 2023-03-01 04:31:47 --> Session: Class initialized using 'CodeIgniter\Session\Handlers\FileHandler' driver.
INFO - 2023-03-01 04:31:50 --> Session: Class initialized using 'CodeIgniter\Session\Handlers\FileHandler' driver.
INFO - 2023-03-01 04:32:01 --> Session: Class initialized using 'CodeIgniter\Session\Handlers\FileHandler' driver.
CRITICAL - 2023-03-01 04:32:01 --> Undefined array key "isi_tanggapan"
in APPPATH\Views\Masyarakat\tampilrespon.php on line 31.
 1 APPPATH\Views\Masyarakat\tampilrespon.php(31): CodeIgniter\Debug\Exceptions->errorHandler(2, 'Undefined array key "isi_tanggapan"', 'APPPATH\\Views\\Masyarakat\\tampilrespon.php', 31)
 2 SYSTEMPATH\View\View.php(213): include('APPPATH\\Views\\Masyarakat\\tampilrespon.php')
 3 SYSTEMPATH\View\View.php(216): CodeIgniter\View\View->CodeIgniter\View\{closure}()
 4 SYSTEMPATH\Common.php(1184): CodeIgniter\View\View->render('Masyarakat/tampilrespon', [], true)
 5 APPPATH\Controllers\Controllermasyarakat.php(129): view('Masyarakat/tampilrespon', [...])
 6 SYSTEMPATH\CodeIgniter.php(934): App\Controllers\Controllermasyarakat->tampilrespon('1')
 7 SYSTEMPATH\CodeIgniter.php(499): CodeIgniter\CodeIgniter->runController(Object(App\Controllers\Controllermasyarakat))
 8 SYSTEMPATH\CodeIgniter.php(368): CodeIgniter\CodeIgniter->handleRequest(null, Object(Config\Cache), false)
 9 FCPATH\index.php(67): CodeIgniter\CodeIgniter->run()
10 SYSTEMPATH\Commands\Server\rewrite.php(47): require_once('FCPATH\\index.php')
INFO - 2023-03-01 04:32:05 --> Session: Class initialized using 'CodeIgniter\Session\Handlers\FileHandler' driver.
INFO - 2023-03-01 04:32:33 --> Session: Class initialized using 'CodeIgniter\Session\Handlers\FileHandler' driver.
ERROR - 2023-03-01 04:32:33 --> mysqli_sql_exception: Duplicate entry '0' for key 'PRIMARY' in C:\Users\WINDOWS 10\Documents\PROJECT-CI\apl_pengaduan\vendor\codeigniter4\framework\system\Database\MySQLi\Connection.php:295
Stack trace:
#0 C:\Users\WINDOWS 10\Documents\PROJECT-CI\apl_pengaduan\vendor\codeigniter4\framework\system\Database\MySQLi\Connection.php(295): mysqli->query('INSERT INTO `pe...', 0)
#1 C:\Users\WINDOWS 10\Documents\PROJECT-CI\apl_pengaduan\vendor\codeigniter4\framework\system\Database\BaseConnection.php(691): CodeIgniter\Database\MySQLi\Connection->execute('INSERT INTO `pe...')
#2 C:\Users\WINDOWS 10\Documents\PROJECT-CI\apl_pengaduan\vendor\codeigniter4\framework\system\Database\BaseConnection.php(605): CodeIgniter\Database\BaseConnection->simpleQuery('INSERT INTO `pe...')
#3 C:\Users\WINDOWS 10\Documents\PROJECT-CI\apl_pengaduan\vendor\codeigniter4\framework\system\Database\BaseBuilder.php(2309): CodeIgniter\Database\BaseConnection->query('INSERT INTO `pe...', Array, false)
#4 C:\Users\WINDOWS 10\Documents\PROJECT-CI\apl_pengaduan\app\Models\UploadModel.php(22): CodeIgniter\Database\BaseBuilder->insert(Array)
#5 C:\Users\WINDOWS 10\Documents\PROJECT-CI\apl_pengaduan\app\Controllers\Controllermasyarakat.php(115): App\Models\UploadModel->insert_gambar(Array)
#6 C:\Users\WINDOWS 10\Documents\PROJECT-CI\apl_pengaduan\vendor\codeigniter4\framework\system\CodeIgniter.php(934): App\Controllers\Controllermasyarakat->process()
#7 C:\Users\WINDOWS 10\Documents\PROJECT-CI\apl_pengaduan\vendor\codeigniter4\framework\system\CodeIgniter.php(499): CodeIgniter\CodeIgniter->runController(Object(App\Controllers\Controllermasyarakat))
#8 C:\Users\WINDOWS 10\Documents\PROJECT-CI\apl_pengaduan\vendor\codeigniter4\framework\system\CodeIgniter.php(368): CodeIgniter\CodeIgniter->handleRequest(NULL, Object(Config\Cache), false)
#9 C:\Users\WINDOWS 10\Documents\PROJECT-CI\apl_pengaduan\public\index.php(67): CodeIgniter\CodeIgniter->run()
#10 C:\Users\WINDOWS 10\Documents\PROJECT-CI\apl_pengaduan\vendor\codeigniter4\framework\system\Commands\Server\rewrite.php(47): require_once('C:\\Users\\WINDOW...')
#11 {main}
CRITICAL - 2023-03-01 04:32:33 --> Duplicate entry '0' for key 'PRIMARY'
in SYSTEMPATH\Database\BaseConnection.php on line 645.
 1 SYSTEMPATH\Database\BaseBuilder.php(2309): CodeIgniter\Database\BaseConnection->query('INSERT INTO `pengaduan` (`nik`, `foto`, `isi_laporan`, `tgl_pengaduan`) VALUES (:nik:, :foto:, :isi_laporan:, :tgl_pengaduan:)', [...], false)
 2 APPPATH\Models\UploadModel.php(22): CodeIgniter\Database\BaseBuilder->insert([...])
 3 APPPATH\Controllers\Controllermasyarakat.php(115): App\Models\UploadModel->insert_gambar([...])
 4 SYSTEMPATH\CodeIgniter.php(934): App\Controllers\Controllermasyarakat->process()
 5 SYSTEMPATH\CodeIgniter.php(499): CodeIgniter\CodeIgniter->runController(Object(App\Controllers\Controllermasyarakat))
 6 SYSTEMPATH\CodeIgniter.php(368): CodeIgniter\CodeIgniter->handleRequest(null, Object(Config\Cache), false)
 7 FCPATH\index.php(67): CodeIgniter\CodeIgniter->run()
 8 SYSTEMPATH\Commands\Server\rewrite.php(47): require_once('FCPATH\\index.php')
INFO - 2023-03-01 04:32:37 --> Session: Class initialized using 'CodeIgniter\Session\Handlers\FileHandler' driver.
INFO - 2023-03-01 04:32:47 --> Session: Class initialized using 'CodeIgniter\Session\Handlers\FileHandler' driver.
INFO - 2023-03-01 04:32:54 --> Session: Class initialized using 'CodeIgniter\Session\Handlers\FileHandler' driver.
INFO - 2023-03-01 04:32:54 --> Session: Class initialized using 'CodeIgniter\Session\Handlers\FileHandler' driver.
INFO - 2023-03-01 04:32:56 --> Session: Class initialized using 'CodeIgniter\Session\Handlers\FileHandler' driver.
INFO - 2023-03-01 04:32:57 --> Session: Class initialized using 'CodeIgniter\Session\Handlers\FileHandler' driver.
INFO - 2023-03-01 04:32:59 --> Session: Class initialized using 'CodeIgniter\Session\Handlers\FileHandler' driver.
INFO - 2023-03-01 04:33:26 --> Session: Class initialized using 'CodeIgniter\Session\Handlers\FileHandler' driver.
ERROR - 2023-03-01 04:33:26 --> mysqli_sql_exception: Duplicate entry '0' for key 'PRIMARY' in C:\Users\WINDOWS 10\Documents\PROJECT-CI\apl_pengaduan\vendor\codeigniter4\framework\system\Database\MySQLi\Connection.php:295
Stack trace:
#0 C:\Users\WINDOWS 10\Documents\PROJECT-CI\apl_pengaduan\vendor\codeigniter4\framework\system\Database\MySQLi\Connection.php(295): mysqli->query('INSERT INTO `pe...', 0)
#1 C:\Users\WINDOWS 10\Documents\PROJECT-CI\apl_pengaduan\vendor\codeigniter4\framework\system\Database\BaseConnection.php(691): CodeIgniter\Database\MySQLi\Connection->execute('INSERT INTO `pe...')
#2 C:\Users\WINDOWS 10\Documents\PROJECT-CI\apl_pengaduan\vendor\codeigniter4\framework\system\Database\BaseConnection.php(605): CodeIgniter\Database\BaseConnection->simpleQuery('INSERT INTO `pe...')
#3 C:\Users\WINDOWS 10\Documents\PROJECT-CI\apl_pengaduan\vendor\codeigniter4\framework\system\Database\BaseBuilder.php(2309): CodeIgniter\Database\BaseConnection->query('INSERT INTO `pe...', Array, false)
#4 C:\Users\WINDOWS 10\Documents\PROJECT-CI\apl_pengaduan\app\Models\UploadModel.php(22): CodeIgniter\Database\BaseBuilder->insert(Array)
#5 C:\Users\WINDOWS 10\Documents\PROJECT-CI\apl_pengaduan\app\Controllers\Controllermasyarakat.php(115): App\Models\UploadModel->insert_gambar(Array)
#6 C:\Users\WINDOWS 10\Documents\PROJECT-CI\apl_pengaduan\vendor\codeigniter4\framework\system\CodeIgniter.php(934): App\Controllers\Controllermasyarakat->process()
#7 C:\Users\WINDOWS 10\Documents\PROJECT-CI\apl_pengaduan\vendor\codeigniter4\framework\system\CodeIgniter.php(499): CodeIgniter\CodeIgniter->runController(Object(App\Controllers\Controllermasyarakat))
#8 C:\Users\WINDOWS 10\Documents\PROJECT-CI\apl_pengaduan\vendor\codeigniter4\framework\system\CodeIgniter.php(368): CodeIgniter\CodeIgniter->handleRequest(NULL, Object(Config\Cache), false)
#9 C:\Users\WINDOWS 10\Documents\PROJECT-CI\apl_pengaduan\public\index.php(67): CodeIgniter\CodeIgniter->run()
#10 C:\Users\WINDOWS 10\Documents\PROJECT-CI\apl_pengaduan\vendor\codeigniter4\framework\system\Commands\Server\rewrite.php(47): require_once('C:\\Users\\WINDOW...')
#11 {main}
CRITICAL - 2023-03-01 04:33:26 --> Duplicate entry '0' for key 'PRIMARY'
in SYSTEMPATH\Database\BaseConnection.php on line 645.
 1 SYSTEMPATH\Database\BaseBuilder.php(2309): CodeIgniter\Database\BaseConnection->query('INSERT INTO `pengaduan` (`nik`, `foto`, `isi_laporan`, `tgl_pengaduan`) VALUES (:nik:, :foto:, :isi_laporan:, :tgl_pengaduan:)', [...], false)
 2 APPPATH\Models\UploadModel.php(22): CodeIgniter\Database\BaseBuilder->insert([...])
 3 APPPATH\Controllers\Controllermasyarakat.php(115): App\Models\UploadModel->insert_gambar([...])
 4 SYSTEMPATH\CodeIgniter.php(934): App\Controllers\Controllermasyarakat->process()
 5 SYSTEMPATH\CodeIgniter.php(499): CodeIgniter\CodeIgniter->runController(Object(App\Controllers\Controllermasyarakat))
 6 SYSTEMPATH\CodeIgniter.php(368): CodeIgniter\CodeIgniter->handleRequest(null, Object(Config\Cache), false)
 7 FCPATH\index.php(67): CodeIgniter\CodeIgniter->run()
 8 SYSTEMPATH\Commands\Server\rewrite.php(47): require_once('FCPATH\\index.php')
INFO - 2023-03-01 04:33:29 --> Session: Class initialized using 'CodeIgniter\Session\Handlers\FileHandler' driver.
INFO - 2023-03-01 04:33:35 --> Session: Class initialized using 'CodeIgniter\Session\Handlers\FileHandler' driver.
INFO - 2023-03-01 04:34:38 --> Session: Class initialized using 'CodeIgniter\Session\Handlers\FileHandler' driver.
INFO - 2023-03-01 04:35:09 --> Session: Class initialized using 'CodeIgniter\Session\Handlers\FileHandler' driver.
ERROR - 2023-03-01 04:35:09 --> mysqli_sql_exception: Duplicate entry '0' for key 'PRIMARY' in C:\Users\WINDOWS 10\Documents\PROJECT-CI\apl_pengaduan\vendor\codeigniter4\framework\system\Database\MySQLi\Connection.php:295
Stack trace:
#0 C:\Users\WINDOWS 10\Documents\PROJECT-CI\apl_pengaduan\vendor\codeigniter4\framework\system\Database\MySQLi\Connection.php(295): mysqli->query('INSERT INTO `pe...', 0)
#1 C:\Users\WINDOWS 10\Documents\PROJECT-CI\apl_pengaduan\vendor\codeigniter4\framework\system\Database\BaseConnection.php(691): CodeIgniter\Database\MySQLi\Connection->execute('INSERT INTO `pe...')
#2 C:\Users\WINDOWS 10\Documents\PROJECT-CI\apl_pengaduan\vendor\codeigniter4\framework\system\Database\BaseConnection.php(605): CodeIgniter\Database\BaseConnection->simpleQuery('INSERT INTO `pe...')
#3 C:\Users\WINDOWS 10\Documents\PROJECT-CI\apl_pengaduan\vendor\codeigniter4\framework\system\Database\BaseBuilder.php(2309): CodeIgniter\Database\BaseConnection->query('INSERT INTO `pe...', Array, false)
#4 C:\Users\WINDOWS 10\Documents\PROJECT-CI\apl_pengaduan\app\Models\UploadModel.php(22): CodeIgniter\Database\BaseBuilder->insert(Array)
#5 C:\Users\WINDOWS 10\Documents\PROJECT-CI\apl_pengaduan\app\Controllers\Controllermasyarakat.php(115): App\Models\UploadModel->insert_gambar(Array)
#6 C:\Users\WINDOWS 10\Documents\PROJECT-CI\apl_pengaduan\vendor\codeigniter4\framework\system\CodeIgniter.php(934): App\Controllers\Controllermasyarakat->process()
#7 C:\Users\WINDOWS 10\Documents\PROJECT-CI\apl_pengaduan\vendor\codeigniter4\framework\system\CodeIgniter.php(499): CodeIgniter\CodeIgniter->runController(Object(App\Controllers\Controllermasyarakat))
#8 C:\Users\WINDOWS 10\Documents\PROJECT-CI\apl_pengaduan\vendor\codeigniter4\framework\system\CodeIgniter.php(368): CodeIgniter\CodeIgniter->handleRequest(NULL, Object(Config\Cache), false)
#9 C:\Users\WINDOWS 10\Documents\PROJECT-CI\apl_pengaduan\public\index.php(67): CodeIgniter\CodeIgniter->run()
#10 C:\Users\WINDOWS 10\Documents\PROJECT-CI\apl_pengaduan\vendor\codeigniter4\framework\system\Commands\Server\rewrite.php(47): require_once('C:\\Users\\WINDOW...')
#11 {main}
CRITICAL - 2023-03-01 04:35:09 --> Duplicate entry '0' for key 'PRIMARY'
in SYSTEMPATH\Database\BaseConnection.php on line 645.
 1 SYSTEMPATH\Database\BaseBuilder.php(2309): CodeIgniter\Database\BaseConnection->query('INSERT INTO `pengaduan` (`nik`, `foto`, `isi_laporan`, `tgl_pengaduan`) VALUES (:nik:, :foto:, :isi_laporan:, :tgl_pengaduan:)', [...], false)
 2 APPPATH\Models\UploadModel.php(22): CodeIgniter\Database\BaseBuilder->insert([...])
 3 APPPATH\Controllers\Controllermasyarakat.php(115): App\Models\UploadModel->insert_gambar([...])
 4 SYSTEMPATH\CodeIgniter.php(934): App\Controllers\Controllermasyarakat->process()
 5 SYSTEMPATH\CodeIgniter.php(499): CodeIgniter\CodeIgniter->runController(Object(App\Controllers\Controllermasyarakat))
 6 SYSTEMPATH\CodeIgniter.php(368): CodeIgniter\CodeIgniter->handleRequest(null, Object(Config\Cache), false)
 7 FCPATH\index.php(67): CodeIgniter\CodeIgniter->run()
 8 SYSTEMPATH\Commands\Server\rewrite.php(47): require_once('FCPATH\\index.php')
INFO - 2023-03-01 04:35:15 --> Session: Class initialized using 'CodeIgniter\Session\Handlers\FileHandler' driver.
INFO - 2023-03-01 04:35:21 --> Session: Class initialized using 'CodeIgniter\Session\Handlers\FileHandler' driver.
INFO - 2023-03-01 04:37:24 --> Session: Class initialized using 'CodeIgniter\Session\Handlers\FileHandler' driver.
INFO - 2023-03-01 04:37:24 --> Session: Class initialized using 'CodeIgniter\Session\Handlers\FileHandler' driver.
INFO - 2023-03-01 04:37:27 --> Session: Class initialized using 'CodeIgniter\Session\Handlers\FileHandler' driver.
INFO - 2023-03-01 04:37:36 --> Session: Class initialized using 'CodeIgniter\Session\Handlers\FileHandler' driver.
INFO - 2023-03-01 04:37:36 --> Session: Class initialized using 'CodeIgniter\Session\Handlers\FileHandler' driver.
INFO - 2023-03-01 04:37:40 --> Session: Class initialized using 'CodeIgniter\Session\Handlers\FileHandler' driver.
INFO - 2023-03-01 04:39:22 --> Session: Class initialized using 'CodeIgniter\Session\Handlers\FileHandler' driver.
INFO - 2023-03-01 04:39:23 --> Session: Class initialized using 'CodeIgniter\Session\Handlers\FileHandler' driver.
INFO - 2023-03-01 04:39:42 --> Session: Class initialized using 'CodeIgniter\Session\Handlers\FileHandler' driver.
INFO - 2023-03-01 04:39:44 --> Session: Class initialized using 'CodeIgniter\Session\Handlers\FileHandler' driver.
INFO - 2023-03-01 04:39:49 --> Session: Class initialized using 'CodeIgniter\Session\Handlers\FileHandler' driver.
INFO - 2023-03-01 04:39:53 --> Session: Class initialized using 'CodeIgniter\Session\Handlers\FileHandler' driver.
CRITICAL - 2023-03-01 04:39:53 --> Undefined array key "isi_tanggapan"
in APPPATH\Views\Petugas\detail-respon.php on line 31.
 1 APPPATH\Views\Petugas\detail-respon.php(31): CodeIgniter\Debug\Exceptions->errorHandler(2, 'Undefined array key "isi_tanggapan"', 'APPPATH\\Views\\Petugas\\detail-respon.php', 31)
 2 SYSTEMPATH\View\View.php(213): include('APPPATH\\Views\\Petugas\\detail-respon.php')
 3 SYSTEMPATH\View\View.php(216): CodeIgniter\View\View->CodeIgniter\View\{closure}()
 4 SYSTEMPATH\Common.php(1184): CodeIgniter\View\View->render('Petugas/detail-respon', [], true)
 5 APPPATH\Controllers\Petugas.php(207): view('Petugas/detail-respon', [...])
 6 SYSTEMPATH\CodeIgniter.php(934): App\Controllers\Petugas->tampilrespon('1')
 7 SYSTEMPATH\CodeIgniter.php(499): CodeIgniter\CodeIgniter->runController(Object(App\Controllers\Petugas))
 8 SYSTEMPATH\CodeIgniter.php(368): CodeIgniter\CodeIgniter->handleRequest(null, Object(Config\Cache), false)
 9 FCPATH\index.php(67): CodeIgniter\CodeIgniter->run()
10 SYSTEMPATH\Commands\Server\rewrite.php(47): require_once('FCPATH\\index.php')
INFO - 2023-03-01 04:39:55 --> Session: Class initialized using 'CodeIgniter\Session\Handlers\FileHandler' driver.
INFO - 2023-03-01 04:39:58 --> Session: Class initialized using 'CodeIgniter\Session\Handlers\FileHandler' driver.
CRITICAL - 2023-03-01 04:39:58 --> Undefined array key "isi_tanggapan"
in APPPATH\Views\Petugas\detail-respon.php on line 31.
 1 APPPATH\Views\Petugas\detail-respon.php(31): CodeIgniter\Debug\Exceptions->errorHandler(2, 'Undefined array key "isi_tanggapan"', 'APPPATH\\Views\\Petugas\\detail-respon.php', 31)
 2 SYSTEMPATH\View\View.php(213): include('APPPATH\\Views\\Petugas\\detail-respon.php')
 3 SYSTEMPATH\View\View.php(216): CodeIgniter\View\View->CodeIgniter\View\{closure}()
 4 SYSTEMPATH\Common.php(1184): CodeIgniter\View\View->render('Petugas/detail-respon', [], true)
 5 APPPATH\Controllers\Petugas.php(207): view('Petugas/detail-respon', [...])
 6 SYSTEMPATH\CodeIgniter.php(934): App\Controllers\Petugas->tampilrespon('1')
 7 SYSTEMPATH\CodeIgniter.php(499): CodeIgniter\CodeIgniter->runController(Object(App\Controllers\Petugas))
 8 SYSTEMPATH\CodeIgniter.php(368): CodeIgniter\CodeIgniter->handleRequest(null, Object(Config\Cache), false)
 9 FCPATH\index.php(67): CodeIgniter\CodeIgniter->run()
10 SYSTEMPATH\Commands\Server\rewrite.php(47): require_once('FCPATH\\index.php')
INFO - 2023-03-01 04:50:05 --> Session: Class initialized using 'CodeIgniter\Session\Handlers\FileHandler' driver.
INFO - 2023-03-01 04:50:09 --> Session: Class initialized using 'CodeIgniter\Session\Handlers\FileHandler' driver.
INFO - 2023-03-01 04:50:09 --> Session: Class initialized using 'CodeIgniter\Session\Handlers\FileHandler' driver.
INFO - 2023-03-01 04:50:13 --> Session: Class initialized using 'CodeIgniter\Session\Handlers\FileHandler' driver.
INFO - 2023-03-01 06:03:10 --> Session: Class initialized using 'CodeIgniter\Session\Handlers\FileHandler' driver.
INFO - 2023-03-01 06:05:25 --> Session: Class initialized using 'CodeIgniter\Session\Handlers\FileHandler' driver.
INFO - 2023-03-01 06:05:25 --> Session: Class initialized using 'CodeIgniter\Session\Handlers\FileHandler' driver.
INFO - 2023-03-01 06:05:30 --> Session: Class initialized using 'CodeIgniter\Session\Handlers\FileHandler' driver.
INFO - 2023-03-01 06:05:34 --> Session: Class initialized using 'CodeIgniter\Session\Handlers\FileHandler' driver.
CRITICAL - 2023-03-01 06:05:34 --> Undefined array key "isi_tanggapan"
in APPPATH\Views\Petugas\detail-respon.php on line 31.
 1 APPPATH\Views\Petugas\detail-respon.php(31): CodeIgniter\Debug\Exceptions->errorHandler(2, 'Undefined array key "isi_tanggapan"', 'APPPATH\\Views\\Petugas\\detail-respon.php', 31)
 2 SYSTEMPATH\View\View.php(213): include('APPPATH\\Views\\Petugas\\detail-respon.php')
 3 SYSTEMPATH\View\View.php(216): CodeIgniter\View\View->CodeIgniter\View\{closure}()
 4 SYSTEMPATH\Common.php(1184): CodeIgniter\View\View->render('Petugas/detail-respon', [], true)
 5 APPPATH\Controllers\Petugas.php(207): view('Petugas/detail-respon', [...])
 6 SYSTEMPATH\CodeIgniter.php(934): App\Controllers\Petugas->tampilrespon('1')
 7 SYSTEMPATH\CodeIgniter.php(499): CodeIgniter\CodeIgniter->runController(Object(App\Controllers\Petugas))
 8 SYSTEMPATH\CodeIgniter.php(368): CodeIgniter\CodeIgniter->handleRequest(null, Object(Config\Cache), false)
 9 FCPATH\index.php(67): CodeIgniter\CodeIgniter->run()
10 SYSTEMPATH\Commands\Server\rewrite.php(47): require_once('FCPATH\\index.php')
INFO - 2023-03-01 06:05:36 --> Session: Class initialized using 'CodeIgniter\Session\Handlers\FileHandler' driver.
INFO - 2023-03-01 06:05:39 --> Session: Class initialized using 'CodeIgniter\Session\Handlers\FileHandler' driver.
INFO - 2023-03-01 06:05:40 --> Session: Class initialized using 'CodeIgniter\Session\Handlers\FileHandler' driver.
INFO - 2023-03-01 06:08:48 --> Session: Class initialized using 'CodeIgniter\Session\Handlers\FileHandler' driver.
INFO - 2023-03-01 06:08:48 --> Session: Class initialized using 'CodeIgniter\Session\Handlers\FileHandler' driver.
INFO - 2023-03-01 06:08:52 --> Session: Class initialized using 'CodeIgniter\Session\Handlers\FileHandler' driver.
INFO - 2023-03-01 06:08:55 --> Session: Class initialized using 'CodeIgniter\Session\Handlers\FileHandler' driver.
INFO - 2023-03-01 06:09:25 --> Session: Class initialized using 'CodeIgniter\Session\Handlers\FileHandler' driver.
INFO - 2023-03-01 06:09:38 --> Session: Class initialized using 'CodeIgniter\Session\Handlers\FileHandler' driver.
INFO - 2023-03-01 06:09:46 --> Session: Class initialized using 'CodeIgniter\Session\Handlers\FileHandler' driver.
INFO - 2023-03-01 06:09:46 --> Session: Class initialized using 'CodeIgniter\Session\Handlers\FileHandler' driver.
INFO - 2023-03-01 06:09:49 --> Session: Class initialized using 'CodeIgniter\Session\Handlers\FileHandler' driver.
INFO - 2023-03-01 06:09:51 --> Session: Class initialized using 'CodeIgniter\Session\Handlers\FileHandler' driver.
INFO - 2023-03-01 06:10:10 --> Session: Class initialized using 'CodeIgniter\Session\Handlers\FileHandler' driver.
INFO - 2023-03-01 06:10:11 --> Session: Class initialized using 'CodeIgniter\Session\Handlers\FileHandler' driver.
INFO - 2023-03-01 06:10:13 --> Session: Class initialized using 'CodeIgniter\Session\Handlers\FileHandler' driver.
INFO - 2023-03-01 06:10:21 --> Session: Class initialized using 'CodeIgniter\Session\Handlers\FileHandler' driver.
INFO - 2023-03-01 06:10:37 --> Session: Class initialized using 'CodeIgniter\Session\Handlers\FileHandler' driver.
INFO - 2023-03-01 06:10:37 --> Session: Class initialized using 'CodeIgniter\Session\Handlers\FileHandler' driver.
INFO - 2023-03-01 06:10:40 --> Session: Class initialized using 'CodeIgniter\Session\Handlers\FileHandler' driver.
INFO - 2023-03-01 06:10:45 --> Session: Class initialized using 'CodeIgniter\Session\Handlers\FileHandler' driver.
CRITICAL - 2023-03-01 06:10:45 --> Undefined array key "isi_tanggapan"
in APPPATH\Views\Masyarakat\tampilrespon.php on line 31.
 1 APPPATH\Views\Masyarakat\tampilrespon.php(31): CodeIgniter\Debug\Exceptions->errorHandler(2, 'Undefined array key "isi_tanggapan"', 'APPPATH\\Views\\Masyarakat\\tampilrespon.php', 31)
 2 SYSTEMPATH\View\View.php(213): include('APPPATH\\Views\\Masyarakat\\tampilrespon.php')
 3 SYSTEMPATH\View\View.php(216): CodeIgniter\View\View->CodeIgniter\View\{closure}()
 4 SYSTEMPATH\Common.php(1184): CodeIgniter\View\View->render('Masyarakat/tampilrespon', [], true)
 5 APPPATH\Controllers\Controllermasyarakat.php(129): view('Masyarakat/tampilrespon', [...])
 6 SYSTEMPATH\CodeIgniter.php(934): App\Controllers\Controllermasyarakat->tampilrespon('1')
 7 SYSTEMPATH\CodeIgniter.php(499): CodeIgniter\CodeIgniter->runController(Object(App\Controllers\Controllermasyarakat))
 8 SYSTEMPATH\CodeIgniter.php(368): CodeIgniter\CodeIgniter->handleRequest(null, Object(Config\Cache), false)
 9 FCPATH\index.php(67): CodeIgniter\CodeIgniter->run()
10 SYSTEMPATH\Commands\Server\rewrite.php(47): require_once('FCPATH\\index.php')
INFO - 2023-03-01 06:14:10 --> Session: Class initialized using 'CodeIgniter\Session\Handlers\FileHandler' driver.
INFO - 2023-03-01 06:14:16 --> Session: Class initialized using 'CodeIgniter\Session\Handlers\FileHandler' driver.
INFO - 2023-03-01 06:14:16 --> Session: Class initialized using 'CodeIgniter\Session\Handlers\FileHandler' driver.
INFO - 2023-03-01 06:15:50 --> Session: Class initialized using 'CodeIgniter\Session\Handlers\FileHandler' driver.
INFO - 2023-03-01 06:15:50 --> Session: Class initialized using 'CodeIgniter\Session\Handlers\FileHandler' driver.
INFO - 2023-03-01 06:15:54 --> Session: Class initialized using 'CodeIgniter\Session\Handlers\FileHandler' driver.
INFO - 2023-03-01 06:15:54 --> Session: Class initialized using 'CodeIgniter\Session\Handlers\FileHandler' driver.
INFO - 2023-03-01 06:16:00 --> Session: Class initialized using 'CodeIgniter\Session\Handlers\FileHandler' driver.
INFO - 2023-03-01 06:16:00 --> Session: Class initialized using 'CodeIgniter\Session\Handlers\FileHandler' driver.
INFO - 2023-03-01 06:16:05 --> Session: Class initialized using 'CodeIgniter\Session\Handlers\FileHandler' driver.
INFO - 2023-03-01 06:16:07 --> Session: Class initialized using 'CodeIgniter\Session\Handlers\FileHandler' driver.
INFO - 2023-03-01 06:16:12 --> Session: Class initialized using 'CodeIgniter\Session\Handlers\FileHandler' driver.
INFO - 2023-03-01 06:16:14 --> Session: Class initialized using 'CodeIgniter\Session\Handlers\FileHandler' driver.
INFO - 2023-03-01 06:16:16 --> Session: Class initialized using 'CodeIgniter\Session\Handlers\FileHandler' driver.
INFO - 2023-03-01 06:16:21 --> Session: Class initialized using 'CodeIgniter\Session\Handlers\FileHandler' driver.
INFO - 2023-03-01 06:16:21 --> Session: Class initialized using 'CodeIgniter\Session\Handlers\FileHandler' driver.
INFO - 2023-03-01 06:16:26 --> Session: Class initialized using 'CodeIgniter\Session\Handlers\FileHandler' driver.
INFO - 2023-03-01 06:16:26 --> Session: Class initialized using 'CodeIgniter\Session\Handlers\FileHandler' driver.
INFO - 2023-03-01 06:19:45 --> Session: Class initialized using 'CodeIgniter\Session\Handlers\FileHandler' driver.
INFO - 2023-03-01 06:19:53 --> Session: Class initialized using 'CodeIgniter\Session\Handlers\FileHandler' driver.
INFO - 2023-03-01 06:20:50 --> Session: Class initialized using 'CodeIgniter\Session\Handlers\FileHandler' driver.
INFO - 2023-03-01 06:20:50 --> Session: Class initialized using 'CodeIgniter\Session\Handlers\FileHandler' driver.
INFO - 2023-03-01 06:20:54 --> Session: Class initialized using 'CodeIgniter\Session\Handlers\FileHandler' driver.
INFO - 2023-03-01 06:21:00 --> Session: Class initialized using 'CodeIgniter\Session\Handlers\FileHandler' driver.
INFO - 2023-03-01 06:21:03 --> Session: Class initialized using 'CodeIgniter\Session\Handlers\FileHandler' driver.
INFO - 2023-03-01 06:21:29 --> Session: Class initialized using 'CodeIgniter\Session\Handlers\FileHandler' driver.
INFO - 2023-03-01 06:21:29 --> Session: Class initialized using 'CodeIgniter\Session\Handlers\FileHandler' driver.
INFO - 2023-03-01 06:23:20 --> Session: Class initialized using 'CodeIgniter\Session\Handlers\FileHandler' driver.
INFO - 2023-03-01 06:23:23 --> Session: Class initialized using 'CodeIgniter\Session\Handlers\FileHandler' driver.
INFO - 2023-03-01 06:23:42 --> Session: Class initialized using 'CodeIgniter\Session\Handlers\FileHandler' driver.
INFO - 2023-03-01 06:23:44 --> Session: Class initialized using 'CodeIgniter\Session\Handlers\FileHandler' driver.
INFO - 2023-03-01 06:24:00 --> Session: Class initialized using 'CodeIgniter\Session\Handlers\FileHandler' driver.
INFO - 2023-03-01 06:24:00 --> Session: Class initialized using 'CodeIgniter\Session\Handlers\FileHandler' driver.
INFO - 2023-03-01 06:24:00 --> Session: Class initialized using 'CodeIgniter\Session\Handlers\FileHandler' driver.
INFO - 2023-03-01 06:24:06 --> Session: Class initialized using 'CodeIgniter\Session\Handlers\FileHandler' driver.
INFO - 2023-03-01 06:25:03 --> Session: Class initialized using 'CodeIgniter\Session\Handlers\FileHandler' driver.
INFO - 2023-03-01 06:25:15 --> Session: Class initialized using 'CodeIgniter\Session\Handlers\FileHandler' driver.
INFO - 2023-03-01 06:25:16 --> Session: Class initialized using 'CodeIgniter\Session\Handlers\FileHandler' driver.
INFO - 2023-03-01 06:27:18 --> Session: Class initialized using 'CodeIgniter\Session\Handlers\FileHandler' driver.
INFO - 2023-03-01 06:27:18 --> Session: Class initialized using 'CodeIgniter\Session\Handlers\FileHandler' driver.
INFO - 2023-03-01 06:27:21 --> Session: Class initialized using 'CodeIgniter\Session\Handlers\FileHandler' driver.
INFO - 2023-03-01 06:28:40 --> Session: Class initialized using 'CodeIgniter\Session\Handlers\FileHandler' driver.
ERROR - 2023-03-01 06:28:40 --> mysqli_sql_exception: Duplicate entry '0' for key 'PRIMARY' in C:\Users\WINDOWS 10\Documents\PROJECT-CI\apl_pengaduan\vendor\codeigniter4\framework\system\Database\MySQLi\Connection.php:295
Stack trace:
#0 C:\Users\WINDOWS 10\Documents\PROJECT-CI\apl_pengaduan\vendor\codeigniter4\framework\system\Database\MySQLi\Connection.php(295): mysqli->query('INSERT INTO `pe...', 0)
#1 C:\Users\WINDOWS 10\Documents\PROJECT-CI\apl_pengaduan\vendor\codeigniter4\framework\system\Database\BaseConnection.php(691): CodeIgniter\Database\MySQLi\Connection->execute('INSERT INTO `pe...')
#2 C:\Users\WINDOWS 10\Documents\PROJECT-CI\apl_pengaduan\vendor\codeigniter4\framework\system\Database\BaseConnection.php(605): CodeIgniter\Database\BaseConnection->simpleQuery('INSERT INTO `pe...')
#3 C:\Users\WINDOWS 10\Documents\PROJECT-CI\apl_pengaduan\vendor\codeigniter4\framework\system\Database\BaseBuilder.php(2309): CodeIgniter\Database\BaseConnection->query('INSERT INTO `pe...', Array, false)
#4 C:\Users\WINDOWS 10\Documents\PROJECT-CI\apl_pengaduan\app\Models\UploadModel.php(22): CodeIgniter\Database\BaseBuilder->insert(Array)
#5 C:\Users\WINDOWS 10\Documents\PROJECT-CI\apl_pengaduan\app\Controllers\Controllermasyarakat.php(115): App\Models\UploadModel->insert_gambar(Array)
#6 C:\Users\WINDOWS 10\Documents\PROJECT-CI\apl_pengaduan\vendor\codeigniter4\framework\system\CodeIgniter.php(934): App\Controllers\Controllermasyarakat->process()
#7 C:\Users\WINDOWS 10\Documents\PROJECT-CI\apl_pengaduan\vendor\codeigniter4\framework\system\CodeIgniter.php(499): CodeIgniter\CodeIgniter->runController(Object(App\Controllers\Controllermasyarakat))
#8 C:\Users\WINDOWS 10\Documents\PROJECT-CI\apl_pengaduan\vendor\codeigniter4\framework\system\CodeIgniter.php(368): CodeIgniter\CodeIgniter->handleRequest(NULL, Object(Config\Cache), false)
#9 C:\Users\WINDOWS 10\Documents\PROJECT-CI\apl_pengaduan\public\index.php(67): CodeIgniter\CodeIgniter->run()
#10 C:\Users\WINDOWS 10\Documents\PROJECT-CI\apl_pengaduan\vendor\codeigniter4\framework\system\Commands\Server\rewrite.php(47): require_once('C:\\Users\\WINDOW...')
#11 {main}
CRITICAL - 2023-03-01 06:28:40 --> Duplicate entry '0' for key 'PRIMARY'
in SYSTEMPATH\Database\BaseConnection.php on line 645.
 1 SYSTEMPATH\Database\BaseBuilder.php(2309): CodeIgniter\Database\BaseConnection->query('INSERT INTO `pengaduan` (`nik`, `foto`, `isi_laporan`, `tgl_pengaduan`) VALUES (:nik:, :foto:, :isi_laporan:, :tgl_pengaduan:)', [...], false)
 2 APPPATH\Models\UploadModel.php(22): CodeIgniter\Database\BaseBuilder->insert([...])
 3 APPPATH\Controllers\Controllermasyarakat.php(115): App\Models\UploadModel->insert_gambar([...])
 4 SYSTEMPATH\CodeIgniter.php(934): App\Controllers\Controllermasyarakat->process()
 5 SYSTEMPATH\CodeIgniter.php(499): CodeIgniter\CodeIgniter->runController(Object(App\Controllers\Controllermasyarakat))
 6 SYSTEMPATH\CodeIgniter.php(368): CodeIgniter\CodeIgniter->handleRequest(null, Object(Config\Cache), false)
 7 FCPATH\index.php(67): CodeIgniter\CodeIgniter->run()
 8 SYSTEMPATH\Commands\Server\rewrite.php(47): require_once('FCPATH\\index.php')
INFO - 2023-03-01 06:28:45 --> Session: Class initialized using 'CodeIgniter\Session\Handlers\FileHandler' driver.
INFO - 2023-03-01 06:29:07 --> Session: Class initialized using 'CodeIgniter\Session\Handlers\FileHandler' driver.
ERROR - 2023-03-01 06:29:07 --> mysqli_sql_exception: Duplicate entry '0' for key 'PRIMARY' in C:\Users\WINDOWS 10\Documents\PROJECT-CI\apl_pengaduan\vendor\codeigniter4\framework\system\Database\MySQLi\Connection.php:295
Stack trace:
#0 C:\Users\WINDOWS 10\Documents\PROJECT-CI\apl_pengaduan\vendor\codeigniter4\framework\system\Database\MySQLi\Connection.php(295): mysqli->query('INSERT INTO `pe...', 0)
#1 C:\Users\WINDOWS 10\Documents\PROJECT-CI\apl_pengaduan\vendor\codeigniter4\framework\system\Database\BaseConnection.php(691): CodeIgniter\Database\MySQLi\Connection->execute('INSERT INTO `pe...')
#2 C:\Users\WINDOWS 10\Documents\PROJECT-CI\apl_pengaduan\vendor\codeigniter4\framework\system\Database\BaseConnection.php(605): CodeIgniter\Database\BaseConnection->simpleQuery('INSERT INTO `pe...')
#3 C:\Users\WINDOWS 10\Documents\PROJECT-CI\apl_pengaduan\vendor\codeigniter4\framework\system\Database\BaseBuilder.php(2309): CodeIgniter\Database\BaseConnection->query('INSERT INTO `pe...', Array, false)
#4 C:\Users\WINDOWS 10\Documents\PROJECT-CI\apl_pengaduan\app\Models\UploadModel.php(22): CodeIgniter\Database\BaseBuilder->insert(Array)
#5 C:\Users\WINDOWS 10\Documents\PROJECT-CI\apl_pengaduan\app\Controllers\Controllermasyarakat.php(115): App\Models\UploadModel->insert_gambar(Array)
#6 C:\Users\WINDOWS 10\Documents\PROJECT-CI\apl_pengaduan\vendor\codeigniter4\framework\system\CodeIgniter.php(934): App\Controllers\Controllermasyarakat->process()
#7 C:\Users\WINDOWS 10\Documents\PROJECT-CI\apl_pengaduan\vendor\codeigniter4\framework\system\CodeIgniter.php(499): CodeIgniter\CodeIgniter->runController(Object(App\Controllers\Controllermasyarakat))
#8 C:\Users\WINDOWS 10\Documents\PROJECT-CI\apl_pengaduan\vendor\codeigniter4\framework\system\CodeIgniter.php(368): CodeIgniter\CodeIgniter->handleRequest(NULL, Object(Config\Cache), false)
#9 C:\Users\WINDOWS 10\Documents\PROJECT-CI\apl_pengaduan\public\index.php(67): CodeIgniter\CodeIgniter->run()
#10 C:\Users\WINDOWS 10\Documents\PROJECT-CI\apl_pengaduan\vendor\codeigniter4\framework\system\Commands\Server\rewrite.php(47): require_once('C:\\Users\\WINDOW...')
#11 {main}
CRITICAL - 2023-03-01 06:29:07 --> Duplicate entry '0' for key 'PRIMARY'
in SYSTEMPATH\Database\BaseConnection.php on line 645.
 1 SYSTEMPATH\Database\BaseBuilder.php(2309): CodeIgniter\Database\BaseConnection->query('INSERT INTO `pengaduan` (`nik`, `foto`, `isi_laporan`, `tgl_pengaduan`) VALUES (:nik:, :foto:, :isi_laporan:, :tgl_pengaduan:)', [...], false)
 2 APPPATH\Models\UploadModel.php(22): CodeIgniter\Database\BaseBuilder->insert([...])
 3 APPPATH\Controllers\Controllermasyarakat.php(115): App\Models\UploadModel->insert_gambar([...])
 4 SYSTEMPATH\CodeIgniter.php(934): App\Controllers\Controllermasyarakat->process()
 5 SYSTEMPATH\CodeIgniter.php(499): CodeIgniter\CodeIgniter->runController(Object(App\Controllers\Controllermasyarakat))
 6 SYSTEMPATH\CodeIgniter.php(368): CodeIgniter\CodeIgniter->handleRequest(null, Object(Config\Cache), false)
 7 FCPATH\index.php(67): CodeIgniter\CodeIgniter->run()
 8 SYSTEMPATH\Commands\Server\rewrite.php(47): require_once('FCPATH\\index.php')
INFO - 2023-03-01 06:29:10 --> Session: Class initialized using 'CodeIgniter\Session\Handlers\FileHandler' driver.
INFO - 2023-03-01 06:29:12 --> Session: Class initialized using 'CodeIgniter\Session\Handlers\FileHandler' driver.
INFO - 2023-03-01 06:29:16 --> Session: Class initialized using 'CodeIgniter\Session\Handlers\FileHandler' driver.
INFO - 2023-03-01 06:31:14 --> Session: Class initialized using 'CodeIgniter\Session\Handlers\FileHandler' driver.
INFO - 2023-03-01 06:31:16 --> Session: Class initialized using 'CodeIgniter\Session\Handlers\FileHandler' driver.
INFO - 2023-03-01 06:38:34 --> Session: Class initialized using 'CodeIgniter\Session\Handlers\FileHandler' driver.
INFO - 2023-03-01 06:38:34 --> Session: Class initialized using 'CodeIgniter\Session\Handlers\FileHandler' driver.
INFO - 2023-03-01 06:38:42 --> Session: Class initialized using 'CodeIgniter\Session\Handlers\FileHandler' driver.
INFO - 2023-03-01 06:39:01 --> Session: Class initialized using 'CodeIgniter\Session\Handlers\FileHandler' driver.
INFO - 2023-03-01 06:39:02 --> Session: Class initialized using 'CodeIgniter\Session\Handlers\FileHandler' driver.
INFO - 2023-03-01 06:39:41 --> Session: Class initialized using 'CodeIgniter\Session\Handlers\FileHandler' driver.
INFO - 2023-03-01 06:40:02 --> Session: Class initialized using 'CodeIgniter\Session\Handlers\FileHandler' driver.
INFO - 2023-03-01 06:40:02 --> Session: Class initialized using 'CodeIgniter\Session\Handlers\FileHandler' driver.
INFO - 2023-03-01 06:40:07 --> Session: Class initialized using 'CodeIgniter\Session\Handlers\FileHandler' driver.
INFO - 2023-03-01 06:40:07 --> Session: Class initialized using 'CodeIgniter\Session\Handlers\FileHandler' driver.
INFO - 2023-03-01 06:42:16 --> Session: Class initialized using 'CodeIgniter\Session\Handlers\FileHandler' driver.
INFO - 2023-03-01 06:42:22 --> Session: Class initialized using 'CodeIgniter\Session\Handlers\FileHandler' driver.
INFO - 2023-03-01 06:42:28 --> Session: Class initialized using 'CodeIgniter\Session\Handlers\FileHandler' driver.
INFO - 2023-03-01 06:42:40 --> Session: Class initialized using 'CodeIgniter\Session\Handlers\FileHandler' driver.
INFO - 2023-03-01 06:42:40 --> Session: Class initialized using 'CodeIgniter\Session\Handlers\FileHandler' driver.
INFO - 2023-03-01 06:42:46 --> Session: Class initialized using 'CodeIgniter\Session\Handlers\FileHandler' driver.
INFO - 2023-03-01 06:42:50 --> Session: Class initialized using 'CodeIgniter\Session\Handlers\FileHandler' driver.
INFO - 2023-03-01 06:42:57 --> Session: Class initialized using 'CodeIgniter\Session\Handlers\FileHandler' driver.
INFO - 2023-03-01 06:42:57 --> Session: Class initialized using 'CodeIgniter\Session\Handlers\FileHandler' driver.
INFO - 2023-03-01 06:43:00 --> Session: Class initialized using 'CodeIgniter\Session\Handlers\FileHandler' driver.
INFO - 2023-03-01 06:43:07 --> Session: Class initialized using 'CodeIgniter\Session\Handlers\FileHandler' driver.
CRITICAL - 2023-03-01 06:43:07 --> Undefined array key "isi_tanggapan"
in APPPATH\Views\Masyarakat\tampilrespon.php on line 31.
 1 APPPATH\Views\Masyarakat\tampilrespon.php(31): CodeIgniter\Debug\Exceptions->errorHandler(2, 'Undefined array key "isi_tanggapan"', 'APPPATH\\Views\\Masyarakat\\tampilrespon.php', 31)
 2 SYSTEMPATH\View\View.php(213): include('APPPATH\\Views\\Masyarakat\\tampilrespon.php')
 3 SYSTEMPATH\View\View.php(216): CodeIgniter\View\View->CodeIgniter\View\{closure}()
 4 SYSTEMPATH\Common.php(1184): CodeIgniter\View\View->render('Masyarakat/tampilrespon', [], true)
 5 APPPATH\Controllers\Controllermasyarakat.php(129): view('Masyarakat/tampilrespon', [...])
 6 SYSTEMPATH\CodeIgniter.php(934): App\Controllers\Controllermasyarakat->tampilrespon('1')
 7 SYSTEMPATH\CodeIgniter.php(499): CodeIgniter\CodeIgniter->runController(Object(App\Controllers\Controllermasyarakat))
 8 SYSTEMPATH\CodeIgniter.php(368): CodeIgniter\CodeIgniter->handleRequest(null, Object(Config\Cache), false)
 9 FCPATH\index.php(67): CodeIgniter\CodeIgniter->run()
10 SYSTEMPATH\Commands\Server\rewrite.php(47): require_once('FCPATH\\index.php')
INFO - 2023-03-01 06:43:09 --> Session: Class initialized using 'CodeIgniter\Session\Handlers\FileHandler' driver.
INFO - 2023-03-01 06:43:38 --> Session: Class initialized using 'CodeIgniter\Session\Handlers\FileHandler' driver.
CRITICAL - 2023-03-01 06:43:38 --> Undefined array key "isi_tanggapan"
in APPPATH\Views\Masyarakat\tampilrespon.php on line 31.
 1 APPPATH\Views\Masyarakat\tampilrespon.php(31): CodeIgniter\Debug\Exceptions->errorHandler(2, 'Undefined array key "isi_tanggapan"', 'APPPATH\\Views\\Masyarakat\\tampilrespon.php', 31)
 2 SYSTEMPATH\View\View.php(213): include('APPPATH\\Views\\Masyarakat\\tampilrespon.php')
 3 SYSTEMPATH\View\View.php(216): CodeIgniter\View\View->CodeIgniter\View\{closure}()
 4 SYSTEMPATH\Common.php(1184): CodeIgniter\View\View->render('Masyarakat/tampilrespon', [], true)
 5 APPPATH\Controllers\Controllermasyarakat.php(129): view('Masyarakat/tampilrespon', [...])
 6 SYSTEMPATH\CodeIgniter.php(934): App\Controllers\Controllermasyarakat->tampilrespon('1')
 7 SYSTEMPATH\CodeIgniter.php(499): CodeIgniter\CodeIgniter->runController(Object(App\Controllers\Controllermasyarakat))
 8 SYSTEMPATH\CodeIgniter.php(368): CodeIgniter\CodeIgniter->handleRequest(null, Object(Config\Cache), false)
 9 FCPATH\index.php(67): CodeIgniter\CodeIgniter->run()
10 SYSTEMPATH\Commands\Server\rewrite.php(47): require_once('FCPATH\\index.php')
INFO - 2023-03-01 06:44:13 --> Session: Class initialized using 'CodeIgniter\Session\Handlers\FileHandler' driver.
INFO - 2023-03-01 06:44:15 --> Session: Class initialized using 'CodeIgniter\Session\Handlers\FileHandler' driver.
INFO - 2023-03-01 06:45:21 --> Session: Class initialized using 'CodeIgniter\Session\Handlers\FileHandler' driver.
INFO - 2023-03-01 06:45:21 --> Session: Class initialized using 'CodeIgniter\Session\Handlers\FileHandler' driver.
INFO - 2023-03-01 06:45:26 --> Session: Class initialized using 'CodeIgniter\Session\Handlers\FileHandler' driver.
INFO - 2023-03-01 06:45:26 --> Session: Class initialized using 'CodeIgniter\Session\Handlers\FileHandler' driver.
INFO - 2023-03-01 06:46:23 --> Session: Class initialized using 'CodeIgniter\Session\Handlers\FileHandler' driver.
INFO - 2023-03-01 06:46:50 --> Session: Class initialized using 'CodeIgniter\Session\Handlers\FileHandler' driver.
INFO - 2023-03-01 06:46:50 --> Session: Class initialized using 'CodeIgniter\Session\Handlers\FileHandler' driver.
INFO - 2023-03-01 06:46:54 --> Session: Class initialized using 'CodeIgniter\Session\Handlers\FileHandler' driver.
INFO - 2023-03-01 06:46:54 --> Session: Class initialized using 'CodeIgniter\Session\Handlers\FileHandler' driver.
INFO - 2023-03-01 06:47:21 --> Session: Class initialized using 'CodeIgniter\Session\Handlers\FileHandler' driver.
INFO - 2023-03-01 06:47:21 --> Session: Class initialized using 'CodeIgniter\Session\Handlers\FileHandler' driver.
INFO - 2023-03-01 06:47:24 --> Session: Class initialized using 'CodeIgniter\Session\Handlers\FileHandler' driver.
INFO - 2023-03-01 06:47:27 --> Session: Class initialized using 'CodeIgniter\Session\Handlers\FileHandler' driver.
INFO - 2023-03-01 06:48:09 --> Session: Class initialized using 'CodeIgniter\Session\Handlers\FileHandler' driver.
INFO - 2023-03-01 06:48:13 --> Session: Class initialized using 'CodeIgniter\Session\Handlers\FileHandler' driver.
INFO - 2023-03-01 06:48:33 --> Session: Class initialized using 'CodeIgniter\Session\Handlers\FileHandler' driver.
INFO - 2023-03-01 06:48:41 --> Session: Class initialized using 'CodeIgniter\Session\Handlers\FileHandler' driver.
INFO - 2023-03-01 06:48:42 --> Session: Class initialized using 'CodeIgniter\Session\Handlers\FileHandler' driver.
INFO - 2023-03-01 06:48:50 --> Session: Class initialized using 'CodeIgniter\Session\Handlers\FileHandler' driver.
INFO - 2023-03-01 06:48:55 --> Session: Class initialized using 'CodeIgniter\Session\Handlers\FileHandler' driver.
CRITICAL - 2023-03-01 06:48:55 --> Undefined array key "telp_petugas"
in APPPATH\Views\Petugas\edit-petugas.php on line 19.
 1 APPPATH\Views\Petugas\edit-petugas.php(19): CodeIgniter\Debug\Exceptions->errorHandler(2, 'Undefined array key "telp_petugas"', 'APPPATH\\Views\\Petugas\\edit-petugas.php', 19)
 2 SYSTEMPATH\View\View.php(213): include('APPPATH\\Views\\Petugas\\edit-petugas.php')
 3 SYSTEMPATH\View\View.php(216): CodeIgniter\View\View->CodeIgniter\View\{closure}()
 4 SYSTEMPATH\Common.php(1184): CodeIgniter\View\View->render('Petugas/edit-petugas', [], true)
 5 APPPATH\Controllers\Petugas.php(48): view('Petugas/edit-petugas', [...])
 6 SYSTEMPATH\CodeIgniter.php(934): App\Controllers\Petugas->editPetugas('1')
 7 SYSTEMPATH\CodeIgniter.php(499): CodeIgniter\CodeIgniter->runController(Object(App\Controllers\Petugas))
 8 SYSTEMPATH\CodeIgniter.php(368): CodeIgniter\CodeIgniter->handleRequest(null, Object(Config\Cache), false)
 9 FCPATH\index.php(67): CodeIgniter\CodeIgniter->run()
10 SYSTEMPATH\Commands\Server\rewrite.php(47): require_once('FCPATH\\index.php')
INFO - 2023-03-01 06:48:57 --> Session: Class initialized using 'CodeIgniter\Session\Handlers\FileHandler' driver.
INFO - 2023-03-01 06:49:09 --> Session: Class initialized using 'CodeIgniter\Session\Handlers\FileHandler' driver.
INFO - 2023-03-01 06:49:46 --> Session: Class initialized using 'CodeIgniter\Session\Handlers\FileHandler' driver.
ERROR - 2023-03-01 06:49:46 --> mysqli_sql_exception: Unknown column 'telp_petugas' in 'field list' in C:\Users\WINDOWS 10\Documents\PROJECT-CI\apl_pengaduan\vendor\codeigniter4\framework\system\Database\MySQLi\Connection.php:295
Stack trace:
#0 C:\Users\WINDOWS 10\Documents\PROJECT-CI\apl_pengaduan\vendor\codeigniter4\framework\system\Database\MySQLi\Connection.php(295): mysqli->query('INSERT INTO `pe...', 0)
#1 C:\Users\WINDOWS 10\Documents\PROJECT-CI\apl_pengaduan\vendor\codeigniter4\framework\system\Database\BaseConnection.php(691): CodeIgniter\Database\MySQLi\Connection->execute('INSERT INTO `pe...')
#2 C:\Users\WINDOWS 10\Documents\PROJECT-CI\apl_pengaduan\vendor\codeigniter4\framework\system\Database\BaseConnection.php(605): CodeIgniter\Database\BaseConnection->simpleQuery('INSERT INTO `pe...')
#3 C:\Users\WINDOWS 10\Documents\PROJECT-CI\apl_pengaduan\vendor\codeigniter4\framework\system\Database\BaseBuilder.php(2309): CodeIgniter\Database\BaseConnection->query('INSERT INTO `pe...', Array, false)
#4 C:\Users\WINDOWS 10\Documents\PROJECT-CI\apl_pengaduan\vendor\codeigniter4\framework\system\Model.php(330): CodeIgniter\Database\BaseBuilder->insert()
#5 C:\Users\WINDOWS 10\Documents\PROJECT-CI\apl_pengaduan\vendor\codeigniter4\framework\system\BaseModel.php(782): CodeIgniter\Model->doInsert(Array)
#6 C:\Users\WINDOWS 10\Documents\PROJECT-CI\apl_pengaduan\vendor\codeigniter4\framework\system\Model.php(730): CodeIgniter\BaseModel->insert(Array, true)
#7 C:\Users\WINDOWS 10\Documents\PROJECT-CI\apl_pengaduan\app\Controllers\Petugas.php(39): CodeIgniter\Model->insert(Array)
#8 C:\Users\WINDOWS 10\Documents\PROJECT-CI\apl_pengaduan\vendor\codeigniter4\framework\system\CodeIgniter.php(934): App\Controllers\Petugas->simpanPetugas()
#9 C:\Users\WINDOWS 10\Documents\PROJECT-CI\apl_pengaduan\vendor\codeigniter4\framework\system\CodeIgniter.php(499): CodeIgniter\CodeIgniter->runController(Object(App\Controllers\Petugas))
#10 C:\Users\WINDOWS 10\Documents\PROJECT-CI\apl_pengaduan\vendor\codeigniter4\framework\system\CodeIgniter.php(368): CodeIgniter\CodeIgniter->handleRequest(NULL, Object(Config\Cache), false)
#11 C:\Users\WINDOWS 10\Documents\PROJECT-CI\apl_pengaduan\public\index.php(67): CodeIgniter\CodeIgniter->run()
#12 C:\Users\WINDOWS 10\Documents\PROJECT-CI\apl_pengaduan\vendor\codeigniter4\framework\system\Commands\Server\rewrite.php(47): require_once('C:\\Users\\WINDOW...')
#13 {main}
CRITICAL - 2023-03-01 06:49:46 --> Unknown column 'telp_petugas' in 'field list'
in SYSTEMPATH\Database\BaseConnection.php on line 645.
 1 SYSTEMPATH\Database\BaseBuilder.php(2309): CodeIgniter\Database\BaseConnection->query('INSERT INTO `petugas` (`nama_petugas`, `username`, `password`, `telp_petugas`, `level`) VALUES (:nama_petugas:, :username:, :password:, :telp_petugas:, :level:)', [...], false)
 2 SYSTEMPATH\Model.php(330): CodeIgniter\Database\BaseBuilder->insert()
 3 SYSTEMPATH\BaseModel.php(782): CodeIgniter\Model->doInsert([...])
 4 SYSTEMPATH\Model.php(730): CodeIgniter\BaseModel->insert([...], true)
 5 APPPATH\Controllers\Petugas.php(39): CodeIgniter\Model->insert([...])
 6 SYSTEMPATH\CodeIgniter.php(934): App\Controllers\Petugas->simpanPetugas()
 7 SYSTEMPATH\CodeIgniter.php(499): CodeIgniter\CodeIgniter->runController(Object(App\Controllers\Petugas))
 8 SYSTEMPATH\CodeIgniter.php(368): CodeIgniter\CodeIgniter->handleRequest(null, Object(Config\Cache), false)
 9 FCPATH\index.php(67): CodeIgniter\CodeIgniter->run()
10 SYSTEMPATH\Commands\Server\rewrite.php(47): require_once('FCPATH\\index.php')
INFO - 2023-03-01 06:49:56 --> Session: Class initialized using 'CodeIgniter\Session\Handlers\FileHandler' driver.
INFO - 2023-03-01 07:00:09 --> Session: Class initialized using 'CodeIgniter\Session\Handlers\FileHandler' driver.
INFO - 2023-03-01 07:00:12 --> Session: Class initialized using 'CodeIgniter\Session\Handlers\FileHandler' driver.
INFO - 2023-03-01 07:00:13 --> Session: Class initialized using 'CodeIgniter\Session\Handlers\FileHandler' driver.
INFO - 2023-03-01 07:01:25 --> Session: Class initialized using 'CodeIgniter\Session\Handlers\FileHandler' driver.
INFO - 2023-03-01 07:01:35 --> Session: Class initialized using 'CodeIgniter\Session\Handlers\FileHandler' driver.
INFO - 2023-03-01 07:05:44 --> Session: Class initialized using 'CodeIgniter\Session\Handlers\FileHandler' driver.
INFO - 2023-03-01 07:05:44 --> Session: Class initialized using 'CodeIgniter\Session\Handlers\FileHandler' driver.
INFO - 2023-03-01 07:05:48 --> Session: Class initialized using 'CodeIgniter\Session\Handlers\FileHandler' driver.
INFO - 2023-03-01 07:05:52 --> Session: Class initialized using 'CodeIgniter\Session\Handlers\FileHandler' driver.
INFO - 2023-03-01 07:15:12 --> Session: Class initialized using 'CodeIgniter\Session\Handlers\FileHandler' driver.
INFO - 2023-03-01 07:15:17 --> Session: Class initialized using 'CodeIgniter\Session\Handlers\FileHandler' driver.
INFO - 2023-03-01 07:15:18 --> Session: Class initialized using 'CodeIgniter\Session\Handlers\FileHandler' driver.
INFO - 2023-03-01 07:15:21 --> Session: Class initialized using 'CodeIgniter\Session\Handlers\FileHandler' driver.
INFO - 2023-03-01 07:15:22 --> Session: Class initialized using 'CodeIgniter\Session\Handlers\FileHandler' driver.
INFO - 2023-03-01 07:15:25 --> Session: Class initialized using 'CodeIgniter\Session\Handlers\FileHandler' driver.
INFO - 2023-03-01 07:15:26 --> Session: Class initialized using 'CodeIgniter\Session\Handlers\FileHandler' driver.
INFO - 2023-03-01 07:15:29 --> Session: Class initialized using 'CodeIgniter\Session\Handlers\FileHandler' driver.
INFO - 2023-03-01 07:15:30 --> Session: Class initialized using 'CodeIgniter\Session\Handlers\FileHandler' driver.
INFO - 2023-03-01 07:15:33 --> Session: Class initialized using 'CodeIgniter\Session\Handlers\FileHandler' driver.
INFO - 2023-03-01 07:15:38 --> Session: Class initialized using 'CodeIgniter\Session\Handlers\FileHandler' driver.
INFO - 2023-03-01 07:15:39 --> Session: Class initialized using 'CodeIgniter\Session\Handlers\FileHandler' driver.
INFO - 2023-03-01 07:15:42 --> Session: Class initialized using 'CodeIgniter\Session\Handlers\FileHandler' driver.
INFO - 2023-03-01 07:15:43 --> Session: Class initialized using 'CodeIgniter\Session\Handlers\FileHandler' driver.
INFO - 2023-03-01 07:15:46 --> Session: Class initialized using 'CodeIgniter\Session\Handlers\FileHandler' driver.
INFO - 2023-03-01 07:15:46 --> Session: Class initialized using 'CodeIgniter\Session\Handlers\FileHandler' driver.
INFO - 2023-03-01 07:15:51 --> Session: Class initialized using 'CodeIgniter\Session\Handlers\FileHandler' driver.
INFO - 2023-03-01 07:15:51 --> Session: Class initialized using 'CodeIgniter\Session\Handlers\FileHandler' driver.
INFO - 2023-03-01 07:15:55 --> Session: Class initialized using 'CodeIgniter\Session\Handlers\FileHandler' driver.
INFO - 2023-03-01 07:15:55 --> Session: Class initialized using 'CodeIgniter\Session\Handlers\FileHandler' driver.
INFO - 2023-03-01 07:16:03 --> Session: Class initialized using 'CodeIgniter\Session\Handlers\FileHandler' driver.
INFO - 2023-03-01 07:16:08 --> Session: Class initialized using 'CodeIgniter\Session\Handlers\FileHandler' driver.
INFO - 2023-03-01 07:16:08 --> Session: Class initialized using 'CodeIgniter\Session\Handlers\FileHandler' driver.
INFO - 2023-03-01 07:16:31 --> Session: Class initialized using 'CodeIgniter\Session\Handlers\FileHandler' driver.
INFO - 2023-03-01 07:16:31 --> Session: Class initialized using 'CodeIgniter\Session\Handlers\FileHandler' driver.
INFO - 2023-03-01 07:16:33 --> Session: Class initialized using 'CodeIgniter\Session\Handlers\FileHandler' driver.
INFO - 2023-03-01 07:17:11 --> Session: Class initialized using 'CodeIgniter\Session\Handlers\FileHandler' driver.
INFO - 2023-03-01 07:17:11 --> Session: Class initialized using 'CodeIgniter\Session\Handlers\FileHandler' driver.
INFO - 2023-03-01 07:17:17 --> Session: Class initialized using 'CodeIgniter\Session\Handlers\FileHandler' driver.
INFO - 2023-03-01 07:17:23 --> Session: Class initialized using 'CodeIgniter\Session\Handlers\FileHandler' driver.
INFO - 2023-03-01 07:17:24 --> Session: Class initialized using 'CodeIgniter\Session\Handlers\FileHandler' driver.
INFO - 2023-03-01 07:17:40 --> Session: Class initialized using 'CodeIgniter\Session\Handlers\FileHandler' driver.
INFO - 2023-03-01 07:17:41 --> Session: Class initialized using 'CodeIgniter\Session\Handlers\FileHandler' driver.
INFO - 2023-03-01 07:17:44 --> Session: Class initialized using 'CodeIgniter\Session\Handlers\FileHandler' driver.
INFO - 2023-03-01 07:17:46 --> Session: Class initialized using 'CodeIgniter\Session\Handlers\FileHandler' driver.
INFO - 2023-03-01 07:19:48 --> Session: Class initialized using 'CodeIgniter\Session\Handlers\FileHandler' driver.
INFO - 2023-03-01 07:19:51 --> Session: Class initialized using 'CodeIgniter\Session\Handlers\FileHandler' driver.
INFO - 2023-03-01 07:20:14 --> Session: Class initialized using 'CodeIgniter\Session\Handlers\FileHandler' driver.
INFO - 2023-03-01 07:20:15 --> Session: Class initialized using 'CodeIgniter\Session\Handlers\FileHandler' driver.
INFO - 2023-03-01 07:20:56 --> Session: Class initialized using 'CodeIgniter\Session\Handlers\FileHandler' driver.
INFO - 2023-03-01 07:21:01 --> Session: Class initialized using 'CodeIgniter\Session\Handlers\FileHandler' driver.
INFO - 2023-03-01 07:21:05 --> Session: Class initialized using 'CodeIgniter\Session\Handlers\FileHandler' driver.
INFO - 2023-03-01 07:21:07 --> Session: Class initialized using 'CodeIgniter\Session\Handlers\FileHandler' driver.
INFO - 2023-03-01 07:21:18 --> Session: Class initialized using 'CodeIgniter\Session\Handlers\FileHandler' driver.
INFO - 2023-03-01 07:21:18 --> Session: Class initialized using 'CodeIgniter\Session\Handlers\FileHandler' driver.
INFO - 2023-03-01 07:21:22 --> Session: Class initialized using 'CodeIgniter\Session\Handlers\FileHandler' driver.
INFO - 2023-03-01 07:21:28 --> Session: Class initialized using 'CodeIgniter\Session\Handlers\FileHandler' driver.
INFO - 2023-03-01 07:21:35 --> Session: Class initialized using 'CodeIgniter\Session\Handlers\FileHandler' driver.
INFO - 2023-03-01 07:21:37 --> Session: Class initialized using 'CodeIgniter\Session\Handlers\FileHandler' driver.
INFO - 2023-03-01 07:21:47 --> Session: Class initialized using 'CodeIgniter\Session\Handlers\FileHandler' driver.
INFO - 2023-03-01 07:21:47 --> Session: Class initialized using 'CodeIgniter\Session\Handlers\FileHandler' driver.
INFO - 2023-03-01 07:22:01 --> Session: Class initialized using 'CodeIgniter\Session\Handlers\FileHandler' driver.
INFO - 2023-03-01 07:22:01 --> Session: Class initialized using 'CodeIgniter\Session\Handlers\FileHandler' driver.
INFO - 2023-03-01 07:22:20 --> Session: Class initialized using 'CodeIgniter\Session\Handlers\FileHandler' driver.
INFO - 2023-03-01 07:22:22 --> Session: Class initialized using 'CodeIgniter\Session\Handlers\FileHandler' driver.
INFO - 2023-03-01 07:22:24 --> Session: Class initialized using 'CodeIgniter\Session\Handlers\FileHandler' driver.
INFO - 2023-03-01 07:22:26 --> Session: Class initialized using 'CodeIgniter\Session\Handlers\FileHandler' driver.
INFO - 2023-03-01 07:22:27 --> Session: Class initialized using 'CodeIgniter\Session\Handlers\FileHandler' driver.
INFO - 2023-03-01 07:22:32 --> Session: Class initialized using 'CodeIgniter\Session\Handlers\FileHandler' driver.
INFO - 2023-03-01 07:22:42 --> Session: Class initialized using 'CodeIgniter\Session\Handlers\FileHandler' driver.
INFO - 2023-03-01 07:22:44 --> Session: Class initialized using 'CodeIgniter\Session\Handlers\FileHandler' driver.
INFO - 2023-03-01 07:22:46 --> Session: Class initialized using 'CodeIgniter\Session\Handlers\FileHandler' driver.
INFO - 2023-03-01 07:23:44 --> Session: Class initialized using 'CodeIgniter\Session\Handlers\FileHandler' driver.
INFO - 2023-03-01 07:23:51 --> Session: Class initialized using 'CodeIgniter\Session\Handlers\FileHandler' driver.
INFO - 2023-03-01 07:34:55 --> Session: Class initialized using 'CodeIgniter\Session\Handlers\FileHandler' driver.
INFO - 2023-03-01 07:35:05 --> Session: Class initialized using 'CodeIgniter\Session\Handlers\FileHandler' driver.
INFO - 2023-03-01 07:35:06 --> Session: Class initialized using 'CodeIgniter\Session\Handlers\FileHandler' driver.
INFO - 2023-03-01 07:35:08 --> Session: Class initialized using 'CodeIgniter\Session\Handlers\FileHandler' driver.
INFO - 2023-03-01 07:35:26 --> Session: Class initialized using 'CodeIgniter\Session\Handlers\FileHandler' driver.
INFO - 2023-03-01 07:35:31 --> Session: Class initialized using 'CodeIgniter\Session\Handlers\FileHandler' driver.
INFO - 2023-03-01 07:36:38 --> Session: Class initialized using 'CodeIgniter\Session\Handlers\FileHandler' driver.
INFO - 2023-03-01 07:36:44 --> Session: Class initialized using 'CodeIgniter\Session\Handlers\FileHandler' driver.
INFO - 2023-03-01 07:36:50 --> Session: Class initialized using 'CodeIgniter\Session\Handlers\FileHandler' driver.
INFO - 2023-03-01 07:36:52 --> Session: Class initialized using 'CodeIgniter\Session\Handlers\FileHandler' driver.
INFO - 2023-03-01 07:39:30 --> Session: Class initialized using 'CodeIgniter\Session\Handlers\FileHandler' driver.
INFO - 2023-03-01 07:39:30 --> Session: Class initialized using 'CodeIgniter\Session\Handlers\FileHandler' driver.
INFO - 2023-03-01 07:39:32 --> Session: Class initialized using 'CodeIgniter\Session\Handlers\FileHandler' driver.
INFO - 2023-03-01 07:39:39 --> Session: Class initialized using 'CodeIgniter\Session\Handlers\FileHandler' driver.
INFO - 2023-03-01 07:39:39 --> Session: Class initialized using 'CodeIgniter\Session\Handlers\FileHandler' driver.
INFO - 2023-03-01 07:39:47 --> Session: Class initialized using 'CodeIgniter\Session\Handlers\FileHandler' driver.
INFO - 2023-03-01 07:39:47 --> Session: Class initialized using 'CodeIgniter\Session\Handlers\FileHandler' driver.
INFO - 2023-03-01 07:39:59 --> Session: Class initialized using 'CodeIgniter\Session\Handlers\FileHandler' driver.
INFO - 2023-03-01 07:40:02 --> Session: Class initialized using 'CodeIgniter\Session\Handlers\FileHandler' driver.
INFO - 2023-03-01 07:40:06 --> Session: Class initialized using 'CodeIgniter\Session\Handlers\FileHandler' driver.
INFO - 2023-03-01 07:40:10 --> Session: Class initialized using 'CodeIgniter\Session\Handlers\FileHandler' driver.
INFO - 2023-03-01 07:40:16 --> Session: Class initialized using 'CodeIgniter\Session\Handlers\FileHandler' driver.
INFO - 2023-03-01 07:40:23 --> Session: Class initialized using 'CodeIgniter\Session\Handlers\FileHandler' driver.
INFO - 2023-03-01 07:40:25 --> Session: Class initialized using 'CodeIgniter\Session\Handlers\FileHandler' driver.
INFO - 2023-03-01 07:40:28 --> Session: Class initialized using 'CodeIgniter\Session\Handlers\FileHandler' driver.
INFO - 2023-03-01 07:40:40 --> Session: Class initialized using 'CodeIgniter\Session\Handlers\FileHandler' driver.
INFO - 2023-03-01 07:40:44 --> Session: Class initialized using 'CodeIgniter\Session\Handlers\FileHandler' driver.
INFO - 2023-03-01 07:41:04 --> Session: Class initialized using 'CodeIgniter\Session\Handlers\FileHandler' driver.
INFO - 2023-03-01 07:41:04 --> Session: Class initialized using 'CodeIgniter\Session\Handlers\FileHandler' driver.
INFO - 2023-03-01 07:41:15 --> Session: Class initialized using 'CodeIgniter\Session\Handlers\FileHandler' driver.
INFO - 2023-03-01 07:41:31 --> Session: Class initialized using 'CodeIgniter\Session\Handlers\FileHandler' driver.
INFO - 2023-03-01 07:47:22 --> Session: Class initialized using 'CodeIgniter\Session\Handlers\FileHandler' driver.
INFO - 2023-03-01 07:55:29 --> Session: Class initialized using 'CodeIgniter\Session\Handlers\FileHandler' driver.
INFO - 2023-03-01 07:55:29 --> Session: Class initialized using 'CodeIgniter\Session\Handlers\FileHandler' driver.
INFO - 2023-03-01 07:55:33 --> Session: Class initialized using 'CodeIgniter\Session\Handlers\FileHandler' driver.
INFO - 2023-03-01 07:55:54 --> Session: Class initialized using 'CodeIgniter\Session\Handlers\FileHandler' driver.
INFO - 2023-03-01 07:56:00 --> Session: Class initialized using 'CodeIgniter\Session\Handlers\FileHandler' driver.
INFO - 2023-03-01 07:56:05 --> Session: Class initialized using 'CodeIgniter\Session\Handlers\FileHandler' driver.
INFO - 2023-03-01 07:56:11 --> Session: Class initialized using 'CodeIgniter\Session\Handlers\FileHandler' driver.
INFO - 2023-03-01 07:56:12 --> Session: Class initialized using 'CodeIgniter\Session\Handlers\FileHandler' driver.
INFO - 2023-03-01 07:56:32 --> Session: Class initialized using 'CodeIgniter\Session\Handlers\FileHandler' driver.
INFO - 2023-03-01 07:56:33 --> Session: Class initialized using 'CodeIgniter\Session\Handlers\FileHandler' driver.
INFO - 2023-03-01 07:56:36 --> Session: Class initialized using 'CodeIgniter\Session\Handlers\FileHandler' driver.
INFO - 2023-03-01 07:56:38 --> Session: Class initialized using 'CodeIgniter\Session\Handlers\FileHandler' driver.
INFO - 2023-03-01 07:56:49 --> Session: Class initialized using 'CodeIgniter\Session\Handlers\FileHandler' driver.
